【登录信息】
*2a2542f9e61a9a1d3b83ae31889ac954*
`登陆天数: 3天 / 1331天
等级: 140
石头: 10
呼符: 0
体力: 526.5366666666666 / 140
友情点: 0 / 61481150`
*連続ログイン3日目
※ログインが途切れるか、7日到達すると
1日目から再開されます*
`叡智の業火 X 1
8月交換券(2023) X 1
`*8周年記念特別回数ログインボーナス*
*開催期間中、1日1回 最大10回 回数ログインボーナスをプレゼント！*
`QP X 3000000
フレンドポイント X 100000
`_2023-07-31 19:35:16_
--------
*de7c2ff3b726fc25c2d04ab4578467d8*
`登陆天数: 3天 / 1301天
等级: 128
石头: 10
呼符: 0
体力: 61182.46333333333 / 137
友情点: 10 / 933250`
*連続ログイン3日目
※ログインが途切れるか、7日到達すると
1日目から再開されます*
`叡智の業火 X 1
8月交換券(2023) X 1
`*8周年記念特別回数ログインボーナス*
*開催期間中、1日1回 最大10回 回数ログインボーナスをプレゼント！*
`QP X 3000000
フレンドポイント X 100000
`_2023-07-31 19:35:24_
--------
