【登录信息】
*2a2542f9e61a9a1d3b83ae31889ac954*
`登陆天数: 6天 / 1334天
等级: 140
石头: 10
呼符: 0
体力: 1390.5566666666666 / 140
友情点: 40 / 61481280`
*連続ログイン6日目
※ログインが途切れるか、7日到達すると
1日目から再開されます*
`聖晶石 X 2
8月交換券(2023) X 1
`*8周年記念特別回数ログインボーナス*
*開催期間中、1日1回 最大10回 回数ログインボーナスをプレゼント！*
`英霊結晶・星のフォウくん X 10
英霊結晶・太陽のフォウくん X 10
QP X 3000000
`_2023-08-03 19:35:22_
--------
*de7c2ff3b726fc25c2d04ab4578467d8*
`登陆天数: 6天 / 1304天
等级: 128
石头: 10
呼符: 0
体力: 62046.486666666664 / 137
友情点: 10 / 933290`
*連続ログイン6日目
※ログインが途切れるか、7日到達すると
1日目から再開されます*
`聖晶石 X 2
8月交換券(2023) X 1
`*8周年記念特別回数ログインボーナス*
*開催期間中、1日1回 最大10回 回数ログインボーナスをプレゼント！*
`英霊結晶・星のフォウくん X 10
英霊結晶・太陽のフォウくん X 10
QP X 3000000
`_2023-08-03 19:35:30_
--------
