【登录信息】
*2a2542f9e61a9a1d3b83ae31889ac954*
`登陆天数: 7天 / 1335天
等级: 140
石头: 10
呼符: 0
体力: 1678.5066666666667 / 140
友情点: 60 / 61481340`
*連続ログイン7日間到達おめでとうございます！
明日は1日目からリスタートされます。*
`獣の足跡 X 1
呼符 X 1
8月交換券(2023) X 1
`*8周年記念特別回数ログインボーナス*
*開催期間中、1日1回 最大10回 回数ログインボーナスをプレゼント！*
`英霊結晶・流星のフォウくん X 1
英霊結晶・日輪のフォウくん X 1
QP X 3000000
`_2023-08-04 19:35:07_
--------
*de7c2ff3b726fc25c2d04ab4578467d8*
`登陆天数: 7天 / 1305天
等级: 128
石头: 10
呼符: 0
体力: 62334.44 / 137
友情点: 100 / 933390`
*連続ログイン7日間到達おめでとうございます！
明日は1日目からリスタートされます。*
`獣の足跡 X 1
呼符 X 1
8月交換券(2023) X 1
`*8周年記念特別回数ログインボーナス*
*開催期間中、1日1回 最大10回 回数ログインボーナスをプレゼント！*
`英霊結晶・流星のフォウくん X 1
英霊結晶・日輪のフォウくん X 1
QP X 3000000
`_2023-08-04 19:35:16_
--------
