【登录信息】
*2a2542f9e61a9a1d3b83ae31889ac954*
`登陆天数: 8天 / 1336天
等级: 140
石头: 10
呼符: 0
体力: 1966.5566666666666 / 140
友情点: 30 / 61481370`
*連続ログイン1日目
※ログインが途切れるか、7日到達すると
1日目から再開されます*
`フレンドポイント X 2000
8月交換券(2023) X 1
`*8周年記念特別回数ログインボーナス*
*開催期間中、1日1回 最大10回 回数ログインボーナスをプレゼント！*
`QP X 3000000
呼符 X 10
`_2023-08-05 19:35:22_
--------
*de7c2ff3b726fc25c2d04ab4578467d8*
`登陆天数: 8天 / 1306天
等级: 128
石头: 10
呼符: 0
体力: 62622.486666666664 / 137
友情点: 70 / 933460`
*連続ログイン1日目
※ログインが途切れるか、7日到達すると
1日目から再開されます*
`フレンドポイント X 2000
8月交換券(2023) X 1
`*8周年記念特別回数ログインボーナス*
*開催期間中、1日1回 最大10回 回数ログインボーナスをプレゼント！*
`QP X 3000000
呼符 X 10
`_2023-08-05 19:35:30_
--------
