【登录信息】
*2a2542f9e61a9a1d3b83ae31889ac954*
`登陆天数: 9天 / 1337天
等级: 140
石头: 10
呼符: 0
体力: 2254.52 / 140
友情点: 10 / 61481380`
*連続ログイン2日目
※ログインが途切れるか、7日到達すると
1日目から再開されます*
`聖晶石 X 1
8月交換券(2023) X 1
`*8周年記念特別回数ログインボーナス*
*開催期間中、1日1回 最大10回 回数ログインボーナスをプレゼント！*
`QP X 3000000
カルデアの夢火 X 1
`_2023-08-06 19:35:11_
--------
*de7c2ff3b726fc25c2d04ab4578467d8*
`登陆天数: 9天 / 1307天
等级: 128
石头: 10
呼符: 0
体力: 62910.45 / 137
友情点: 70 / 933530`
*連続ログイン2日目
※ログインが途切れるか、7日到達すると
1日目から再開されます*
`聖晶石 X 1
8月交換券(2023) X 1
`*8周年記念特別回数ログインボーナス*
*開催期間中、1日1回 最大10回 回数ログインボーナスをプレゼント！*
`QP X 3000000
カルデアの夢火 X 1
`_2023-08-06 19:35:19_
--------
