【登录信息】
*2a2542f9e61a9a1d3b83ae31889ac954*
`登陆天数: 10天 / 1338天
等级: 140
石头: 10
呼符: 0
体力: 2542.5266666666666 / 140
友情点: 90 / 61481470`
*連続ログイン3日目
※ログインが途切れるか、7日到達すると
1日目から再開されます*
`叡智の業火 X 1
8月交換券(2023) X 1
`*8周年記念特別回数ログインボーナス*
*開催期間中、1日1回 最大10回 回数ログインボーナスをプレゼント！*
`QP X 3000000
レアプリズム X 1
`_2023-08-07 19:35:13_
--------
*de7c2ff3b726fc25c2d04ab4578467d8*
`登陆天数: 10天 / 1308天
等级: 128
石头: 10
呼符: 0
体力: 63198.456666666665 / 137
友情点: 50 / 933580`
*連続ログイン3日目
※ログインが途切れるか、7日到達すると
1日目から再開されます*
`叡智の業火 X 1
8月交換券(2023) X 1
`*8周年記念特別回数ログインボーナス*
*開催期間中、1日1回 最大10回 回数ログインボーナスをプレゼント！*
`QP X 3000000
レアプリズム X 1
`_2023-08-07 19:35:22_
--------
