【登录信息】
*2a2542f9e61a9a1d3b83ae31889ac954*
`登陆天数: 11天 / 1339天
等级: 140
石头: 10
呼符: 0
体力: 2830.54 / 140
友情点: 105 / 61481575`
*連続ログイン4日目
※ログインが途切れるか、7日到達すると
1日目から再開されます*
`聖晶石 X 1
8月交換券(2023) X 1
`*8周年記念特別回数ログインボーナス*
*開催期間中、1日1回 最大10回 回数ログインボーナスをプレゼント！*
`QP X 3000000
伝承結晶 X 1
`_2023-08-08 19:35:17_
--------
*de7c2ff3b726fc25c2d04ab4578467d8*
`登陆天数: 11天 / 1309天
等级: 128
石头: 10
呼符: 0
体力: 63486.47 / 137
友情点: 20 / 933600`
*連続ログイン4日目
※ログインが途切れるか、7日到達すると
1日目から再開されます*
`聖晶石 X 1
8月交換券(2023) X 1
`*8周年記念特別回数ログインボーナス*
*開催期間中、1日1回 最大10回 回数ログインボーナスをプレゼント！*
`QP X 3000000
伝承結晶 X 1
`_2023-08-08 19:35:25_
--------
