【登录信息】
*2a2542f9e61a9a1d3b83ae31889ac954*
`登陆天数: 1天 / 1340天
等级: 140
石头: 10
呼符: 0
体力: 3694.57 / 140
友情点: 80 / 61481655`
*連続ログイン1日目
※ログインが途切れるか、7日到達すると
1日目から再開されます*
`フレンドポイント X 2000
8月交換券(2023) X 1
`*「マンガで分かる！Fate/Grand Order」4巻発売記念 特別ログインボーナス*
*開催期間中、初回ログインで「限定概念礼装×1」をプレゼント！*
`米の数だけ抱きしめて X 1
`_2023-08-11 19:35:26_
--------
*de7c2ff3b726fc25c2d04ab4578467d8*
`登陆天数: 1天 / 1310天
等级: 128
石头: 10
呼符: 0
体力: 64350.5 / 137
友情点: 40 / 933640`
*連続ログイン1日目
※ログインが途切れるか、7日到達すると
1日目から再開されます*
`フレンドポイント X 2000
8月交換券(2023) X 1
`*「マンガで分かる！Fate/Grand Order」4巻発売記念 特別ログインボーナス*
*開催期間中、初回ログインで「限定概念礼装×1」をプレゼント！*
`米の数だけ抱きしめて X 1
`_2023-08-11 19:35:34_
--------
