【登录信息】
*2a2542f9e61a9a1d3b83ae31889ac954*
`登陆天数: 4天 / 1343天
等级: 140
石头: 10
呼符: 0
体力: 4558.5633333333335 / 140
友情点: 30 / 61481735`
*連続ログイン4日目
※ログインが途切れるか、7日到達すると
1日目から再開されます*
`聖晶石 X 1
8月交換券(2023) X 1
`*サーヴァント・サマー・フェスティバル2023！開幕記念 ログインボーナス*
*開催期間中、1日1回 最大21回ログインボーナスをプレゼント！*
`白銀の果実 X 1
`_2023-08-14 19:35:24_
--------
*de7c2ff3b726fc25c2d04ab4578467d8*
`登陆天数: 4天 / 1313天
等级: 128
石头: 10
呼符: 0
体力: 65214.49333333333 / 137
友情点: 20 / 933680`
*連続ログイン4日目
※ログインが途切れるか、7日到達すると
1日目から再開されます*
`聖晶石 X 1
8月交換券(2023) X 1
`*サーヴァント・サマー・フェスティバル2023！開幕記念 ログインボーナス*
*開催期間中、1日1回 最大21回ログインボーナスをプレゼント！*
`白銀の果実 X 1
`_2023-08-14 19:35:32_
--------
