【登录信息】
*2a2542f9e61a9a1d3b83ae31889ac954*
`登陆天数: 5天 / 1344天
等级: 140
石头: 10
呼符: 0
体力: 4846.59 / 140
友情点: 55 / 61482590`
*連続ログイン5日目
※ログインが途切れるか、7日到達すると
1日目から再開されます*
`叡智の業火 X 2
8月交換券(2023) X 1
`*サーヴァント・サマー・フェスティバル2023！開幕記念 ログインボーナス*
*開催期間中、1日1回 最大21回ログインボーナスをプレゼント！*
`白銀の果実 X 1
`_2023-08-15 19:35:31_
--------
*de7c2ff3b726fc25c2d04ab4578467d8*
`登陆天数: 5天 / 1314天
等级: 128
石头: 10
呼符: 0
体力: 65502.52 / 137
友情点: 20 / 933700`
*連続ログイン5日目
※ログインが途切れるか、7日到達すると
1日目から再開されます*
`叡智の業火 X 2
8月交換券(2023) X 1
`*サーヴァント・サマー・フェスティバル2023！開幕記念 ログインボーナス*
*開催期間中、1日1回 最大21回ログインボーナスをプレゼント！*
`白銀の果実 X 1
`_2023-08-15 19:35:40_
--------
