【登录信息】
*2a2542f9e61a9a1d3b83ae31889ac954*
`登陆天数: 7天 / 1346天
等级: 140
石头: 10
呼符: 0
体力: 5422.573333333334 / 140
友情点: 120 / 61482730`
*連続ログイン7日間到達おめでとうございます！
明日は1日目からリスタートされます。*
`獣の足跡 X 1
呼符 X 1
8月交換券(2023) X 1
`*サーヴァント・サマー・フェスティバル2023！開幕記念 ログインボーナス*
*開催期間中、1日1回 最大21回ログインボーナスをプレゼント！*
`白銀の果実 X 1
`_2023-08-17 19:35:27_
--------
*de7c2ff3b726fc25c2d04ab4578467d8*
`登陆天数: 7天 / 1316天
等级: 128
石头: 10
呼符: 0
体力: 66078.50666666667 / 137
友情点: 10 / 933720`
*連続ログイン7日間到達おめでとうございます！
明日は1日目からリスタートされます。*
`獣の足跡 X 1
呼符 X 1
8月交換券(2023) X 1
`*サーヴァント・サマー・フェスティバル2023！開幕記念 ログインボーナス*
*開催期間中、1日1回 最大21回ログインボーナスをプレゼント！*
`白銀の果実 X 1
`_2023-08-17 19:35:36_
--------
