【登录信息】
*2a2542f9e61a9a1d3b83ae31889ac954*
`登陆天数: 8天 / 1347天
等级: 140
石头: 10
呼符: 0
体力: 5710.593333333333 / 140
友情点: 25 / 61482755`
*連続ログイン1日目
※ログインが途切れるか、7日到達すると
1日目から再開されます*
`フレンドポイント X 2000
8月交換券(2023) X 1
`*サーヴァント・サマー・フェスティバル2023！開幕記念 ログインボーナス*
*開催期間中、1日1回 最大21回ログインボーナスをプレゼント！*
`黄金の果実 X 1
`_2023-08-18 19:35:32_
--------
*de7c2ff3b726fc25c2d04ab4578467d8*
`登陆天数: 8天 / 1317天
等级: 128
石头: 10
呼符: 0
体力: 66366.52333333333 / 137
友情点: 0 / 933720`
*連続ログイン1日目
※ログインが途切れるか、7日到達すると
1日目から再開されます*
`フレンドポイント X 2000
8月交換券(2023) X 1
`*サーヴァント・サマー・フェスティバル2023！開幕記念 ログインボーナス*
*開催期間中、1日1回 最大21回ログインボーナスをプレゼント！*
`黄金の果実 X 1
`_2023-08-18 19:35:42_
--------
