【登录信息】
*2a2542f9e61a9a1d3b83ae31889ac954*
`登陆天数: 9天 / 1348天
等级: 140
石头: 10
呼符: 0
体力: 5998.516666666666 / 140
友情点: 110 / 61482865`
*連続ログイン2日目
※ログインが途切れるか、7日到達すると
1日目から再開されます*
`聖晶石 X 1
8月交換券(2023) X 1
`*サーヴァント・サマー・フェスティバル2023！開幕記念 ログインボーナス*
*開催期間中、1日1回 最大21回ログインボーナスをプレゼント！*
`白銀の果実 X 1
`_2023-08-19 19:35:10_
--------
*de7c2ff3b726fc25c2d04ab4578467d8*
`登陆天数: 9天 / 1318天
等级: 128
石头: 10
呼符: 0
体力: 66654.45 / 137
友情点: 20 / 933740`
*連続ログイン2日目
※ログインが途切れるか、7日到達すると
1日目から再開されます*
`聖晶石 X 1
8月交換券(2023) X 1
`*サーヴァント・サマー・フェスティバル2023！開幕記念 ログインボーナス*
*開催期間中、1日1回 最大21回ログインボーナスをプレゼント！*
`白銀の果実 X 1
`_2023-08-19 19:35:19_
--------
