【登录信息】
*2a2542f9e61a9a1d3b83ae31889ac954*
`登陆天数: 15天 / 1354天
等级: 140
石头: 10
呼符: 0
体力: 7726.56 / 140
友情点: 50 / 61483070`
*連続ログイン1日目
※ログインが途切れるか、7日到達すると
1日目から再開されます*
`フレンドポイント X 2000
8月交換券(2023) X 1
`*サーヴァント・サマー・フェスティバル2023！開幕記念 ログインボーナス*
*開催期間中、1日1回 最大21回ログインボーナスをプレゼント！*
`黄金の果実 X 1
`_2023-08-25 19:35:22_
--------
*de7c2ff3b726fc25c2d04ab4578467d8*
`登陆天数: 15天 / 1324天
等级: 128
石头: 10
呼符: 0
体力: 68382.49333333333 / 137
友情点: 80 / 934090`
*連続ログイン1日目
※ログインが途切れるか、7日到達すると
1日目から再開されます*
`フレンドポイント X 2000
8月交換券(2023) X 1
`*サーヴァント・サマー・フェスティバル2023！開幕記念 ログインボーナス*
*開催期間中、1日1回 最大21回ログインボーナスをプレゼント！*
`黄金の果実 X 1
`_2023-08-25 19:35:31_
--------
