【登录信息】
*2a2542f9e61a9a1d3b83ae31889ac954*
`登陆天数: 17天 / 1356天
等级: 140
石头: 10
呼符: 0
体力: 8302.516666666666 / 140
友情点: 120 / 61483240`
*連続ログイン3日目
※ログインが途切れるか、7日到達すると
1日目から再開されます*
`叡智の業火 X 1
8月交換券(2023) X 1
`*サーヴァント・サマー・フェスティバル2023！開幕記念 ログインボーナス*
*開催期間中、1日1回 最大21回ログインボーナスをプレゼント！*
`白銀の果実 X 1
`_2023-08-27 19:35:10_
--------
*de7c2ff3b726fc25c2d04ab4578467d8*
`登陆天数: 17天 / 1326天
等级: 128
石头: 10
呼符: 0
体力: 68958.44666666667 / 137
友情点: 160 / 934320`
*連続ログイン3日目
※ログインが途切れるか、7日到達すると
1日目から再開されます*
`叡智の業火 X 1
8月交換券(2023) X 1
`*サーヴァント・サマー・フェスティバル2023！開幕記念 ログインボーナス*
*開催期間中、1日1回 最大21回ログインボーナスをプレゼント！*
`白銀の果実 X 1
`_2023-08-27 19:35:18_
--------
