【登录信息】
*2a2542f9e61a9a1d3b83ae31889ac954*
`登陆天数: 18天 / 1357天
等级: 140
石头: 10
呼符: 0
体力: 8590.573333333334 / 140
友情点: 45 / 61483285`
*連続ログイン4日目
※ログインが途切れるか、7日到達すると
1日目から再開されます*
`聖晶石 X 1
8月交換券(2023) X 1
`*サーヴァント・サマー・フェスティバル2023！開幕記念 ログインボーナス*
*開催期間中、1日1回 最大21回ログインボーナスをプレゼント！*
`白銀の果実 X 1
`_2023-08-28 19:35:27_
--------
*de7c2ff3b726fc25c2d04ab4578467d8*
`登陆天数: 18天 / 1327天
等级: 128
石头: 10
呼符: 0
体力: 69246.50666666667 / 137
友情点: 170 / 934490`
*連続ログイン4日目
※ログインが途切れるか、7日到達すると
1日目から再開されます*
`聖晶石 X 1
8月交換券(2023) X 1
`*サーヴァント・サマー・フェスティバル2023！開幕記念 ログインボーナス*
*開催期間中、1日1回 最大21回ログインボーナスをプレゼント！*
`白銀の果実 X 1
`_2023-08-28 19:35:36_
--------
