【登录信息】
*2a2542f9e61a9a1d3b83ae31889ac954*
`登陆天数: 280天 / 1198天
等级: 139
石头: 247
呼符: 0
体力: 140.99333333333334 / 140
友情点: 0 / 61418825`
*連続ログイン7日間到達おめでとうございます！
明日は1日目からリスタートされます。*
`獣の足跡 X 1
呼符 X 1
2月交換券(2023) X 1
`*FGO カルデア放送局 Vol.19 第2部 第7章 ナウイ･ミクトラン(後編) 開幕直前SP 放送記念 初回ログインボーナス*
*開催期間中、初回ログインで「聖晶石×14」をプレゼント！*
`聖晶石 X 14
`_2023-01-31 19:35:43_
--------
*de7c2ff3b726fc25c2d04ab4578467d8*
`登陆天数: 22天 / 1174天
等级: 128
石头: 0
呼符: 0
体力: 9054.56 / 137
友情点: 25 / 917235`
*連続ログイン1日目
※ログインが途切れるか、7日到達すると
1日目から再開されます*
`フレンドポイント X 2000
2月交換券(2023) X 1
`*FGO カルデア放送局 Vol.19 第2部 第7章 ナウイ･ミクトラン(後編) 開幕直前SP 放送記念 初回ログインボーナス*
*開催期間中、初回ログインで「聖晶石×14」をプレゼント！*
`聖晶石 X 14
`_2023-01-31 19:35:52_
--------
