【登录信息】
*2a2542f9e61a9a1d3b83ae31889ac954*
`登陆天数: 282天 / 1200天
等级: 140
石头: 23
呼符: 0
体力: 109.16 / 140
友情点: 0 / 61426735`
*連続ログイン2日目
※ログインが途切れるか、7日到達すると
1日目から再開されます*
`聖晶石 X 1
2月交換券(2023) X 1
`*「FGO ウィンターパーティー 2022-2023」宮城会場開催直前 ログインボーナス*
*開催期間中、1日1回 最大3回 ログインボーナスをプレゼント！*
`黄金の果実 X 1
`_2023-02-02 19:35:40_
--------
*de7c2ff3b726fc25c2d04ab4578467d8*
`登陆天数: 1天 / 1175天
等级: 128
石头: 0
呼符: 0
体力: 9630.546666666667 / 137
友情点: 25 / 917260`
*連続ログイン1日目
※ログインが途切れるか、7日到達すると
1日目から再開されます*
`フレンドポイント X 2000
2月交換券(2023) X 1
`*「FGO ウィンターパーティー 2022-2023」宮城会場開催直前 ログインボーナス*
*開催期間中、1日1回 最大3回 ログインボーナスをプレゼント！*
`黄金の果実 X 1
`_2023-02-02 19:35:48_
--------
