【登录信息】
*2a2542f9e61a9a1d3b83ae31889ac954*
`登陆天数: 284天 / 1202天
等级: 140
石头: 0
呼符: 0
体力: 194.82999999999998 / 140
友情点: 0 / 61428760`
*連続ログイン4日目
※ログインが途切れるか、7日到達すると
1日目から再開されます*
`聖晶石 X 1
2月交換券(2023) X 1
`*「FGO ウィンターパーティー 2022-2023」宮城会場開催記念 初回ログインボーナス*
*開催期間中、初回ログインで「聖晶石×10」をプレゼント！*
`聖晶石 X 10
`_2023-02-04 19:35:37_
--------
*de7c2ff3b726fc25c2d04ab4578467d8*
`登陆天数: 3天 / 1177天
等级: 128
石头: 10
呼符: 0
体力: 10206.536666666667 / 137
友情点: 0 / 929260`
*連続ログイン3日目
※ログインが途切れるか、7日到達すると
1日目から再開されます*
`叡智の業火 X 1
2月交換券(2023) X 1
`*「FGO ウィンターパーティー 2022-2023」宮城会場開催記念 初回ログインボーナス*
*開催期間中、初回ログインで「聖晶石×10」をプレゼント！*
`聖晶石 X 10
`_2023-02-04 19:35:45_
--------
