【登录信息】
*2a2542f9e61a9a1d3b83ae31889ac954*
`登陆天数: 294天 / 1212天
等级: 140
石头: 2
呼符: 0
体力: 72.92333333333333 / 140
友情点: 0 / 61430880`
*連続ログイン7日間到達おめでとうございます！
明日は1日目からリスタートされます。*
`獣の足跡 X 1
呼符 X 1
2月交換券(2023) X 1
`*2700万DL突破記念 特別連続ログインボーナス*
*開催期間中、1日1回 最大7回 連続ログインボーナスをプレゼント！*
`黄金の果実 X 10
`_2023-02-14 19:33:46_
--------
*de7c2ff3b726fc25c2d04ab4578467d8*
`登陆天数: 1天 / 1185天
等级: 128
石头: 10
呼符: 0
体力: 13086.166666666666 / 137
友情点: 0 / 929285`
*連続ログイン1日目
※ログインが途切れるか、7日到達すると
1日目から再開されます*
`フレンドポイント X 2000
2月交換券(2023) X 1
`*2700万DL突破記念 特別連続ログインボーナス*
*開催期間中、1日1回 最大7回 連続ログインボーナスをプレゼント！*
`白銀の果実 X 10
`_2023-02-14 19:33:54_
--------
