【登录信息】
*2a2542f9e61a9a1d3b83ae31889ac954*
`登陆天数: 295天 / 1213天
等级: 140
石头: 2
呼符: 0
体力: 120.98666666666666 / 140
友情点: 0 / 61430930`
*連続ログイン1日目
※ログインが途切れるか、7日到達すると
1日目から再開されます*
`フレンドポイント X 2000
2月交換券(2023) X 1
`*2700万DL突破記念 特別連続ログインボーナス*
*開催期間中、1日1回 最大7回 連続ログインボーナスをプレゼント！*
`QP X 10000000
`_2023-02-15 19:34:05_
--------
*de7c2ff3b726fc25c2d04ab4578467d8*
`登陆天数: 2天 / 1186天
等级: 128
石头: 10
呼符: 0
体力: 13374.23 / 137
友情点: 0 / 929285`
*連続ログイン2日目
※ログインが途切れるか、7日到達すると
1日目から再開されます*
`聖晶石 X 1
2月交換券(2023) X 1
`*2700万DL突破記念 特別連続ログインボーナス*
*開催期間中、1日1回 最大7回 連続ログインボーナスをプレゼント！*
`黄金の果実 X 10
`_2023-02-15 19:34:13_
--------
