【登录信息】
*2a2542f9e61a9a1d3b83ae31889ac954*
`登陆天数: 296天 / 1214天
等级: 140
石头: 2
呼符: 0
体力: 122.22666666666666 / 140
友情点: 0 / 61430930`
*連続ログイン2日目
※ログインが途切れるか、7日到達すると
1日目から再開されます*
`聖晶石 X 1
2月交換券(2023) X 1
`*2700万DL突破記念 特別連続ログインボーナス*
*開催期間中、1日1回 最大7回 連続ログインボーナスをプレゼント！*
`叡智の業火 X 10
`_2023-02-16 19:33:44_
--------
*de7c2ff3b726fc25c2d04ab4578467d8*
`登陆天数: 3天 / 1187天
等级: 128
石头: 10
呼符: 0
体力: 13662.163333333334 / 137
友情点: 50 / 929335`
*連続ログイン3日目
※ログインが途切れるか、7日到達すると
1日目から再開されます*
`叡智の業火 X 1
2月交換券(2023) X 1
`*2700万DL突破記念 特別連続ログインボーナス*
*開催期間中、1日1回 最大7回 連続ログインボーナスをプレゼント！*
`QP X 10000000
`_2023-02-16 19:33:53_
--------
