【登录信息】
*2a2542f9e61a9a1d3b83ae31889ac954*
`登陆天数: 297天 / 1215天
等级: 140
石头: 0
呼符: 0
体力: 243.51666666666665 / 140
友情点: 0 / 61432930`
*連続ログイン3日目
※ログインが途切れるか、7日到達すると
1日目から再開されます*
`叡智の業火 X 1
2月交換券(2023) X 1
`*2700万DL突破記念 特別連続ログインボーナス*
*開催期間中、1日1回 最大7回 連続ログインボーナスをプレゼント！*
`英霊結晶・星のフォウくん X 10
`_2023-02-17 19:34:01_
--------
*de7c2ff3b726fc25c2d04ab4578467d8*
`登陆天数: 4天 / 1188天
等级: 128
石头: 10
呼符: 0
体力: 13950.22 / 137
友情点: 0 / 929335`
*連続ログイン4日目
※ログインが途切れるか、7日到達すると
1日目から再開されます*
`聖晶石 X 1
2月交換券(2023) X 1
`*2700万DL突破記念 特別連続ログインボーナス*
*開催期間中、1日1回 最大7回 連続ログインボーナスをプレゼント！*
`叡智の業火 X 10
`_2023-02-17 19:34:10_
--------
