【登录信息】
*2a2542f9e61a9a1d3b83ae31889ac954*
`登陆天数: 300天 / 1218天
等级: 140
石头: 2
呼符: 0
体力: 34.53 / 140
友情点: 10 / 61434365`
*連続ログイン6日目
※ログインが途切れるか、7日到達すると
1日目から再開されます*
`聖晶石 X 2
2月交換券(2023) X 1
`_2023-02-20 19:33:58_
--------
*de7c2ff3b726fc25c2d04ab4578467d8*
`登陆天数: 7天 / 1191天
等级: 128
石头: 10
呼符: 0
体力: 14814.206666666667 / 137
友情点: 0 / 929335`
*連続ログイン7日間到達おめでとうございます！
明日は1日目からリスタートされます。*
`獣の足跡 X 1
呼符 X 1
2月交換券(2023) X 1
`*2700万DL突破記念 特別連続ログインボーナス*
*開催期間中、1日1回 最大7回 連続ログインボーナスをプレゼント！*
`聖晶石 X 30
`_2023-02-20 19:34:06_
--------
