【登录信息】
*2a2542f9e61a9a1d3b83ae31889ac954*
`登陆天数: 1天 / 1329天
等级: 140
石头: 10
呼符: 0
体力: 24.52666666666667 / 140
友情点: 20 / 61481090`
_2023-07-30 01:45:13_
--------
*de7c2ff3b726fc25c2d04ab4578467d8*
`登陆天数: 1天 / 1299天
等级: 128
石头: 10
呼符: 0
体力: 60680.456666666665 / 137
友情点: 0 / 933240`
*連続ログイン1日目
※ログインが途切れるか、7日到達すると
1日目から再開されます*
`フレンドポイント X 2000
7月交換券(2023) X 1
`*「Fate/Grand Order Fes. 2023 夏祭り ～8th Anniversary～」開催直前カムバックログインボーナス*
*開催期間中、1日1回 最大14回 カムバックログインボーナスをプレゼント！*
`叡智の業火 X 1
聖晶石 X 1
フレンドポイント X 1000
黄金の果実 X 1
`_2023-07-30 01:45:21_
--------
