【登录信息】
*2a2542f9e61a9a1d3b83ae31889ac954*
`登陆天数: 2天 / 1330天
等级: 140
石头: 10
呼符: 0
体力: 238.51666666666665 / 140
友情点: 60 / 61481150`
*連続ログイン2日目
※ログインが途切れるか、7日到達すると
1日目から再開されます*
`聖晶石 X 1
7月交換券(2023) X 1
`*ショートアニメ「藤丸立香はわからない」グランドフィナーレ記念 特別ログインボーナス*
*開催期間中、初回ログインで「限定概念礼装×1」をプレゼント！*
`慰労会はおわらない X 1
`_2023-07-30 19:35:10_
--------
*de7c2ff3b726fc25c2d04ab4578467d8*
`登陆天数: 2天 / 1300天
等级: 128
石头: 10
呼符: 0
体力: 60894.44666666666 / 137
友情点: 0 / 933240`
*連続ログイン2日目
※ログインが途切れるか、7日到達すると
1日目から再開されます*
`聖晶石 X 1
7月交換券(2023) X 1
`*ショートアニメ「藤丸立香はわからない」グランドフィナーレ記念 特別ログインボーナス*
*開催期間中、初回ログインで「限定概念礼装×1」をプレゼント！*
`慰労会はおわらない X 1
`_2023-07-30 19:35:19_
--------
