【登录信息】
*2a2542f9e61a9a1d3b83ae31889ac954*
`登陆天数: 339天 / 1257天
等级: 140
石头: 2
呼符: 0
体力: 1110.06 / 140
友情点: 0 / 61445145`
*連続ログイン3日目
※ログインが途切れるか、7日到達すると
1日目から再開されます*
`叡智の業火 X 1
4月交換券(2023) X 1
`*Fate/Grand Order 春の新米マスター応援キャンペーン2023！
日替りログインボーナス*
*開催期間中、1日1回 6日間日替りでログインボーナスをプレゼント！*
`聖晶石 X 2
`_2023-03-31 19:33:37_
--------
*de7c2ff3b726fc25c2d04ab4578467d8*
`登陆天数: 46天 / 1230天
等级: 128
石头: 10
呼符: 0
体力: 26046.136666666665 / 137
友情点: 0 / 929460`
*連続ログイン4日目
※ログインが途切れるか、7日到達すると
1日目から再開されます*
`聖晶石 X 1
4月交換券(2023) X 1
`*Fate/Grand Order 春の新米マスター応援キャンペーン2023！
日替りログインボーナス*
*開催期間中、1日1回 6日間日替りでログインボーナスをプレゼント！*
`聖晶石 X 2
`_2023-03-31 19:33:45_
--------
