【登录信息】
*2a2542f9e61a9a1d3b83ae31889ac954*
`登陆天数: 340天 / 1258天
等级: 140
石头: 1
呼符: 0
体力: 145.62666666666667 / 140
友情点: 0 / 61447145`
*連続ログイン4日目
※ログインが途切れるか、7日到達すると
1日目から再開されます*
`聖晶石 X 1
4月交換券(2023) X 1
`*Fate/Grand Order 春の新米マスター応援キャンペーン2023！
日替りログインボーナス*
*開催期間中、1日1回 6日間日替りでログインボーナスをプレゼント！*
`呼符 X 1
`_2023-04-01 19:33:25_
--------
*de7c2ff3b726fc25c2d04ab4578467d8*
`登陆天数: 47天 / 1231天
等级: 128
石头: 10
呼符: 0
体力: 26334.096666666668 / 137
友情点: 0 / 929460`
*連続ログイン5日目
※ログインが途切れるか、7日到達すると
1日目から再開されます*
`叡智の業火 X 2
4月交換券(2023) X 1
`*Fate/Grand Order 春の新米マスター応援キャンペーン2023！
日替りログインボーナス*
*開催期間中、1日1回 6日間日替りでログインボーナスをプレゼント！*
`呼符 X 1
`_2023-04-01 19:33:33_
--------
