【登录信息】
*2a2542f9e61a9a1d3b83ae31889ac954*
`登陆天数: 342天 / 1260天
等级: 140
石头: 2
呼符: 0
体力: 245.36333333333334 / 140
友情点: 0 / 61447215`
*連続ログイン6日目
※ログインが途切れるか、7日到達すると
1日目から再開されます*
`聖晶石 X 2
4月交換券(2023) X 1
`*日替りログインボーナス*
*開催期間中、1日1回 4週間日替りでログインボーナスをプレゼント！*
`巡霊の葉 X 30
`_2023-04-03 19:33:38_
--------
*de7c2ff3b726fc25c2d04ab4578467d8*
`登陆天数: 49天 / 1233天
等级: 128
石头: 10
呼符: 0
体力: 26910.143333333333 / 137
友情点: 0 / 929460`
*連続ログイン7日間到達おめでとうございます！
明日は1日目からリスタートされます。*
`獣の足跡 X 1
呼符 X 1
4月交換券(2023) X 1
`*日替りログインボーナス*
*開催期間中、1日1回 4週間日替りでログインボーナスをプレゼント！*
`巡霊の葉 X 30
`_2023-04-03 19:33:47_
--------
