【登录信息】
*2a2542f9e61a9a1d3b83ae31889ac954*
`登陆天数: 344天 / 1262天
等级: 140
石头: 0
呼符: 0
体力: 533.0166666666667 / 140
友情点: 0 / 61447215`
*連続ログイン1日目
※ログインが途切れるか、7日到達すると
1日目から再開されます*
`フレンドポイント X 2000
4月交換券(2023) X 1
`*日替りログインボーナス*
*開催期間中、1日1回 4週間日替りでログインボーナスをプレゼント！*
`巡霊の葉 X 30
`_2023-04-05 19:33:44_
--------
*de7c2ff3b726fc25c2d04ab4578467d8*
`登陆天数: 51天 / 1235天
等级: 128
石头: 10
呼符: 0
体力: 27486.163333333334 / 137
友情点: 0 / 929480`
*連続ログイン2日目
※ログインが途切れるか、7日到達すると
1日目から再開されます*
`聖晶石 X 1
4月交換券(2023) X 1
`*日替りログインボーナス*
*開催期間中、1日1回 4週間日替りでログインボーナスをプレゼント！*
`巡霊の葉 X 30
`_2023-04-05 19:33:53_
--------
