【登录信息】
*2a2542f9e61a9a1d3b83ae31889ac954*
`登陆天数: 347天 / 1265天
等级: 140
石头: 1
呼符: 0
体力: 516.5466666666666 / 140
友情点: 20 / 61449235`
*連続ログイン4日目
※ログインが途切れるか、7日到達すると
1日目から再開されます*
`聖晶石 X 1
4月交換券(2023) X 1
`*日替りログインボーナス*
*開催期間中、1日1回 4週間日替りでログインボーナスをプレゼント！*
`聖晶石 X 6
巡霊の葉 X 50
`_2023-04-08 19:33:19_
--------
*de7c2ff3b726fc25c2d04ab4578467d8*
`登陆天数: 54天 / 1238天
等级: 128
石头: 10
呼符: 0
体力: 28350.076666666668 / 137
友情点: 0 / 929530`
*連続ログイン5日目
※ログインが途切れるか、7日到達すると
1日目から再開されます*
`叡智の業火 X 2
4月交換券(2023) X 1
`*日替りログインボーナス*
*開催期間中、1日1回 4週間日替りでログインボーナスをプレゼント！*
`聖晶石 X 6
巡霊の葉 X 50
`_2023-04-08 19:33:28_
--------
