【登录信息】
*2a2542f9e61a9a1d3b83ae31889ac954*
`登陆天数: 350天 / 1268天
等级: 140
石头: 1
呼符: 0
体力: 1380.6233333333332 / 140
友情点: 0 / 61449595`
*連続ログイン7日間到達おめでとうございます！
明日は1日目からリスタートされます。*
`獣の足跡 X 1
呼符 X 1
4月交換券(2023) X 1
`*日替りログインボーナス*
*開催期間中、1日1回 4週間日替りでログインボーナスをプレゼント！*
`巡霊の葉 X 100
`_2023-04-11 19:33:42_
--------
*de7c2ff3b726fc25c2d04ab4578467d8*
`登陆天数: 57天 / 1241天
等级: 128
石头: 10
呼符: 0
体力: 29214.156666666666 / 137
友情点: 0 / 929870`
*連続ログイン1日目
※ログインが途切れるか、7日到達すると
1日目から再開されます*
`フレンドポイント X 2000
4月交換券(2023) X 1
`*日替りログインボーナス*
*開催期間中、1日1回 4週間日替りでログインボーナスをプレゼント！*
`巡霊の葉 X 100
`_2023-04-11 19:33:51_
--------
