【登录信息】
*2a2542f9e61a9a1d3b83ae31889ac954*
`登陆天数: 351天 / 1269天
等级: 140
石头: 1
呼符: 0
体力: 1668.55 / 140
友情点: 200 / 61449795`
*連続ログイン1日目
※ログインが途切れるか、7日到達すると
1日目から再開されます*
`フレンドポイント X 2000
4月交換券(2023) X 1
`*日替りログインボーナス*
*開催期間中、1日1回 4週間日替りでログインボーナスをプレゼント！*
`巡霊の葉 X 30
`_2023-04-12 19:33:20_
--------
*de7c2ff3b726fc25c2d04ab4578467d8*
`登陆天数: 58天 / 1242天
等级: 128
石头: 10
呼符: 0
体力: 29502.08 / 137
友情点: 120 / 930190`
*連続ログイン2日目
※ログインが途切れるか、7日到達すると
1日目から再開されます*
`聖晶石 X 1
4月交換券(2023) X 1
`*日替りログインボーナス*
*開催期間中、1日1回 4週間日替りでログインボーナスをプレゼント！*
`巡霊の葉 X 30
`_2023-04-12 19:33:28_
--------
