【登录信息】
*2a2542f9e61a9a1d3b83ae31889ac954*
`登陆天数: 1天 / 1270天
等级: 140
石头: 1
呼符: 0
体力: 2244.5933333333332 / 140
友情点: 580 / 61450975`
*連続ログイン1日目
※ログインが途切れるか、7日到達すると
1日目から再開されます*
`フレンドポイント X 2000
4月交換券(2023) X 1
`*日替りログインボーナス*
*開催期間中、1日1回 4週間日替りでログインボーナスをプレゼント！*
`巡霊の葉 X 30
`_2023-04-14 19:33:33_
--------
*de7c2ff3b726fc25c2d04ab4578467d8*
`登陆天数: 1天 / 1243天
等级: 128
石头: 10
呼符: 0
体力: 30078.123333333333 / 137
友情点: 610 / 930800`
*連続ログイン1日目
※ログインが途切れるか、7日到達すると
1日目から再開されます*
`フレンドポイント X 2000
4月交換券(2023) X 1
`*日替りログインボーナス*
*開催期間中、1日1回 4週間日替りでログインボーナスをプレゼント！*
`巡霊の葉 X 30
`_2023-04-14 19:33:41_
--------
