【登录信息】
*2a2542f9e61a9a1d3b83ae31889ac954*
`登陆天数: 2天 / 1271天
等级: 140
石头: 1
呼符: 0
体力: 2532.5733333333333 / 140
友情点: 0 / 61450975`
*連続ログイン2日目
※ログインが途切れるか、7日到達すると
1日目から再開されます*
`聖晶石 X 1
4月交換券(2023) X 1
`*日替りログインボーナス*
*開催期間中、1日1回 4週間日替りでログインボーナスをプレゼント！*
`聖晶石 X 6
巡霊の葉 X 50
`_2023-04-15 19:33:27_
--------
*de7c2ff3b726fc25c2d04ab4578467d8*
`登陆天数: 2天 / 1244天
等级: 128
石头: 10
呼符: 0
体力: 30366.103333333333 / 137
友情点: 50 / 930850`
*連続ログイン2日目
※ログインが途切れるか、7日到達すると
1日目から再開されます*
`聖晶石 X 1
4月交換券(2023) X 1
`*日替りログインボーナス*
*開催期間中、1日1回 4週間日替りでログインボーナスをプレゼント！*
`聖晶石 X 6
巡霊の葉 X 50
`_2023-04-15 19:33:35_
--------
