【登录信息】
*2a2542f9e61a9a1d3b83ae31889ac954*
`登陆天数: 3天 / 1272天
等级: 140
石头: 1
呼符: 0
体力: 2820.5666666666666 / 140
友情点: 180 / 61451155`
*連続ログイン3日目
※ログインが途切れるか、7日到達すると
1日目から再開されます*
`叡智の業火 X 1
4月交換券(2023) X 1
`*日替りログインボーナス*
*開催期間中、1日1回 4週間日替りでログインボーナスをプレゼント！*
`巡霊の葉 X 30
`_2023-04-16 19:33:26_
--------
*de7c2ff3b726fc25c2d04ab4578467d8*
`登陆天数: 3天 / 1245天
等级: 128
石头: 10
呼符: 0
体力: 30654.096666666668 / 137
友情点: 220 / 931070`
*連続ログイン3日目
※ログインが途切れるか、7日到達すると
1日目から再開されます*
`叡智の業火 X 1
4月交換券(2023) X 1
`*日替りログインボーナス*
*開催期間中、1日1回 4週間日替りでログインボーナスをプレゼント！*
`巡霊の葉 X 30
`_2023-04-16 19:33:34_
--------
