【登录信息】
*2a2542f9e61a9a1d3b83ae31889ac954*
`登陆天数: 5天 / 1274天
等级: 140
石头: 1
呼符: 0
体力: 250.60333333333335 / 140
友情点: 200 / 61455835`
*連続ログイン5日目
※ログインが途切れるか、7日到達すると
1日目から再開されます*
`叡智の業火 X 2
4月交換券(2023) X 1
`*日替りログインボーナス*
*開催期間中、1日1回 4週間日替りでログインボーナスをプレゼント！*
`巡霊の葉 X 100
`_2023-04-18 19:33:40_
--------
*de7c2ff3b726fc25c2d04ab4578467d8*
`登陆天数: 5天 / 1247天
等级: 128
石头: 10
呼符: 0
体力: 31230.146666666667 / 137
友情点: 0 / 931370`
*連続ログイン5日目
※ログインが途切れるか、7日到達すると
1日目から再開されます*
`叡智の業火 X 2
4月交換券(2023) X 1
`*日替りログインボーナス*
*開催期間中、1日1回 4週間日替りでログインボーナスをプレゼント！*
`巡霊の葉 X 100
`_2023-04-18 19:33:48_
--------
