【登录信息】
*2a2542f9e61a9a1d3b83ae31889ac954*
`登陆天数: 7天 / 1276天
等级: 140
石头: 1
呼符: 0
体力: 361.97333333333336 / 140
友情点: 0 / 61455845`
*連続ログイン7日間到達おめでとうございます！
明日は1日目からリスタートされます。*
`獣の足跡 X 1
呼符 X 1
4月交換券(2023) X 1
`*日替りログインボーナス*
*開催期間中、1日1回 4週間日替りでログインボーナスをプレゼント！*
`巡霊の葉 X 30
`_2023-04-20 19:33:31_
--------
*de7c2ff3b726fc25c2d04ab4578467d8*
`登陆天数: 7天 / 1249天
等级: 128
石头: 10
呼符: 0
体力: 31806.116666666665 / 137
友情点: 10 / 931380`
*連続ログイン7日間到達おめでとうございます！
明日は1日目からリスタートされます。*
`獣の足跡 X 1
呼符 X 1
4月交換券(2023) X 1
`*日替りログインボーナス*
*開催期間中、1日1回 4週間日替りでログインボーナスをプレゼント！*
`巡霊の葉 X 30
`_2023-04-20 19:33:39_
--------
