【登录信息】
*2a2542f9e61a9a1d3b83ae31889ac954*
`登陆天数: 10天 / 1279天
等级: 140
石头: 1
呼符: 0
体力: 1225.93 / 140
友情点: 110 / 61455980`
*連続ログイン3日目
※ログインが途切れるか、7日到達すると
1日目から再開されます*
`叡智の業火 X 1
4月交換券(2023) X 1
`*日替りログインボーナス*
*開催期間中、1日1回 4週間日替りでログインボーナスをプレゼント！*
`巡霊の葉 X 30
`_2023-04-23 19:33:18_
--------
*de7c2ff3b726fc25c2d04ab4578467d8*
`登陆天数: 10天 / 1252天
等级: 128
石头: 10
呼符: 0
体力: 32670.07 / 137
友情点: 60 / 931440`
*連続ログイン3日目
※ログインが途切れるか、7日到達すると
1日目から再開されます*
`叡智の業火 X 1
4月交換券(2023) X 1
`*日替りログインボーナス*
*開催期間中、1日1回 4週間日替りでログインボーナスをプレゼント！*
`巡霊の葉 X 30
`_2023-04-23 19:33:26_
--------
