【登录信息】
*2a2542f9e61a9a1d3b83ae31889ac954*
`登陆天数: 13天 / 1282天
等级: 140
石头: 1
呼符: 0
体力: 2089.963333333333 / 140
友情点: 0 / 61455980`
*連続ログイン6日目
※ログインが途切れるか、7日到達すると
1日目から再開されます*
`聖晶石 X 2
4月交換券(2023) X 1
`*日替りログインボーナス*
*開催期間中、1日1回 4週間日替りでログインボーナスをプレゼント！*
`巡霊の葉 X 30
`_2023-04-26 19:33:28_
--------
*de7c2ff3b726fc25c2d04ab4578467d8*
`登陆天数: 13天 / 1255天
等级: 128
石头: 10
呼符: 0
体力: 33534.11 / 137
友情点: 0 / 931440`
*連続ログイン6日目
※ログインが途切れるか、7日到達すると
1日目から再開されます*
`聖晶石 X 2
4月交換券(2023) X 1
`*日替りログインボーナス*
*開催期間中、1日1回 4週間日替りでログインボーナスをプレゼント！*
`巡霊の葉 X 30
`_2023-04-26 19:33:37_
--------
