【登录信息】
*2a2542f9e61a9a1d3b83ae31889ac954*
`登陆天数: 14天 / 1283天
等级: 140
石头: 1
呼符: 0
体力: 2377.97 / 140
友情点: 0 / 61455980`
*連続ログイン7日間到達おめでとうございます！
明日は1日目からリスタートされます。*
`獣の足跡 X 1
呼符 X 1
4月交換券(2023) X 1
`*日替りログインボーナス*
*開催期間中、1日1回 4週間日替りでログインボーナスをプレゼント！*
`巡霊の葉 X 30
`_2023-04-27 19:33:30_
--------
*de7c2ff3b726fc25c2d04ab4578467d8*
`登陆天数: 14天 / 1256天
等级: 128
石头: 10
呼符: 0
体力: 33822.113333333335 / 137
友情点: 0 / 931440`
*連続ログイン7日間到達おめでとうございます！
明日は1日目からリスタートされます。*
`獣の足跡 X 1
呼符 X 1
4月交換券(2023) X 1
`*日替りログインボーナス*
*開催期間中、1日1回 4週間日替りでログインボーナスをプレゼント！*
`巡霊の葉 X 30
`_2023-04-27 19:33:38_
--------
