【登录信息】
*2a2542f9e61a9a1d3b83ae31889ac954*
`登陆天数: 15天 / 1284天
等级: 140
石头: 1
呼符: 0
体力: 2666.0 / 140
友情点: 0 / 61455980`
*連続ログイン1日目
※ログインが途切れるか、7日到達すると
1日目から再開されます*
`フレンドポイント X 2000
4月交換券(2023) X 1
`*日替りログインボーナス*
*開催期間中、1日1回 4週間日替りでログインボーナスをプレゼント！*
`巡霊の葉 X 30
`_2023-04-28 19:33:38_
--------
*de7c2ff3b726fc25c2d04ab4578467d8*
`登陆天数: 15天 / 1257天
等级: 128
石头: 10
呼符: 0
体力: 34110.14333333333 / 137
友情点: 0 / 931440`
*連続ログイン1日目
※ログインが途切れるか、7日到達すると
1日目から再開されます*
`フレンドポイント X 2000
4月交換券(2023) X 1
`*日替りログインボーナス*
*開催期間中、1日1回 4週間日替りでログインボーナスをプレゼント！*
`巡霊の葉 X 30
`_2023-04-28 19:33:47_
--------
