【登录信息】
*2a2542f9e61a9a1d3b83ae31889ac954*
`登陆天数: 16天 / 1285天
等级: 140
石头: 50
呼符: 0
体力: 219.57666666666665 / 140
友情点: 25 / 61460005`
*連続ログイン2日目
※ログインが途切れるか、7日到達すると
1日目から再開されます*
`聖晶石 X 1
4月交換券(2023) X 1
`*日替りログインボーナス*
*開催期間中、1日1回 4週間日替りでログインボーナスをプレゼント！*
`聖晶石 X 9
巡霊の葉 X 50
`_2023-04-29 19:33:47_
--------
*de7c2ff3b726fc25c2d04ab4578467d8*
`登陆天数: 16天 / 1258天
等级: 128
石头: 10
呼符: 0
体力: 34398.17 / 137
友情点: 0 / 931440`
*連続ログイン2日目
※ログインが途切れるか、7日到達すると
1日目から再開されます*
`聖晶石 X 1
4月交換券(2023) X 1
`*日替りログインボーナス*
*開催期間中、1日1回 4週間日替りでログインボーナスをプレゼント！*
`聖晶石 X 9
巡霊の葉 X 50
`_2023-04-29 19:33:56_
--------
