【登录信息】
*2a2542f9e61a9a1d3b83ae31889ac954*
`登陆天数: 24天 / 1293天
等级: 140
石头: 50
呼符: 0
体力: 2523.4933333333333 / 140
友情点: 0 / 61460250`
*連続ログイン3日目
※ログインが途切れるか、7日到達すると
1日目から再開されます*
`叡智の業火 X 1
5月交換券(2023) X 1
`*「Fate/Grand Order キャストトーク in マチ★アソビvol.26」開催記念プレゼント*
*開催期間中、初回ログインで「聖晶石×10」をプレゼント！*
`聖晶石 X 10
`_2023-05-07 19:33:22_
--------
*de7c2ff3b726fc25c2d04ab4578467d8*
`登陆天数: 24天 / 1266天
等级: 128
石头: 10
呼符: 0
体力: 36702.09 / 137
友情点: 0 / 931620`
*連続ログイン3日目
※ログインが途切れるか、7日到達すると
1日目から再開されます*
`叡智の業火 X 1
5月交換券(2023) X 1
`*「Fate/Grand Order キャストトーク in マチ★アソビvol.26」開催記念プレゼント*
*開催期間中、初回ログインで「聖晶石×10」をプレゼント！*
`聖晶石 X 10
`_2023-05-07 19:33:31_
--------
