【登录信息】
*2a2542f9e61a9a1d3b83ae31889ac954*
`登陆天数: 27天 / 1296天
等级: 140
石头: 44
呼符: 0
体力: 3388.213333333333 / 140
友情点: 0 / 61462370`
*連続ログイン6日目
※ログインが途切れるか、7日到達すると
1日目から再開されます*
`聖晶石 X 2
5月交換券(2023) X 1
`*日替りログインボーナス*
*開催期間中、1日1回 2週間日替りでログインボーナスをプレゼント！*
`巡霊の葉 X 30
`_2023-05-10 19:36:58_
--------
*de7c2ff3b726fc25c2d04ab4578467d8*
`登陆天数: 27天 / 1269天
等级: 128
石头: 10
呼符: 0
体力: 37566.806666666664 / 137
友情点: 0 / 931670`
*連続ログイン6日目
※ログインが途切れるか、7日到達すると
1日目から再開されます*
`聖晶石 X 2
5月交換券(2023) X 1
`*日替りログインボーナス*
*開催期間中、1日1回 2週間日替りでログインボーナスをプレゼント！*
`巡霊の葉 X 30
`_2023-05-10 19:37:06_
--------
