【登录信息】
*2a2542f9e61a9a1d3b83ae31889ac954*
`登陆天数: 30天 / 1299天
等级: 140
石头: 44
呼符: 0
体力: 4251.53 / 140
友情点: 0 / 61462460`
*連続ログイン2日目
※ログインが途切れるか、7日到達すると
1日目から再開されます*
`聖晶石 X 1
5月交換券(2023) X 1
`*日替りログインボーナス*
*開催期間中、1日1回 2週間日替りでログインボーナスをプレゼント！*
`巡霊の葉 X 30
`_2023-05-13 19:33:33_
--------
*de7c2ff3b726fc25c2d04ab4578467d8*
`登陆天数: 30天 / 1272天
等级: 128
石头: 10
呼符: 0
体力: 38430.12333333334 / 137
友情点: 0 / 931720`
*連続ログイン2日目
※ログインが途切れるか、7日到達すると
1日目から再開されます*
`聖晶石 X 1
5月交換券(2023) X 1
`*日替りログインボーナス*
*開催期間中、1日1回 2週間日替りでログインボーナスをプレゼント！*
`巡霊の葉 X 30
`_2023-05-13 19:33:41_
--------
