【登录信息】
*2a2542f9e61a9a1d3b83ae31889ac954*
`登陆天数: 33天 / 1302天
等级: 140
石头: 2
呼符: 0
体力: 531.7066666666667 / 140
友情点: 0 / 61464620`
*連続ログイン5日目
※ログインが途切れるか、7日到達すると
1日目から再開されます*
`叡智の業火 X 2
5月交換券(2023) X 1
`*日替りログインボーナス*
*開催期間中、1日1回 2週間日替りでログインボーナスをプレゼント！*
`聖晶石 X 3
巡霊の葉 X 50
`_2023-05-16 19:33:43_
--------
*de7c2ff3b726fc25c2d04ab4578467d8*
`登陆天数: 33天 / 1275天
等级: 128
石头: 10
呼符: 0
体力: 39294.15666666667 / 137
友情点: 0 / 931720`
*連続ログイン5日目
※ログインが途切れるか、7日到達すると
1日目から再開されます*
`叡智の業火 X 2
5月交換券(2023) X 1
`*日替りログインボーナス*
*開催期間中、1日1回 2週間日替りでログインボーナスをプレゼント！*
`聖晶石 X 3
巡霊の葉 X 50
`_2023-05-16 19:33:51_
--------
