【登录信息】
*2a2542f9e61a9a1d3b83ae31889ac954*
`登陆天数: 36天 / 1305天
等级: 140
石头: 8
呼符: 0
体力: 413.12666666666667 / 140
友情点: 330 / 61466060`
*連続ログイン1日目
※ログインが途切れるか、7日到達すると
1日目から再開されます*
`フレンドポイント X 2000
5月交換券(2023) X 1
`*日替りログインボーナス*
*開催期間中、1日1回 2週間日替りでログインボーナスをプレゼント！*
`聖晶石 X 2
巡霊の葉 X 100
`_2023-05-19 19:33:42_
--------
*de7c2ff3b726fc25c2d04ab4578467d8*
`登陆天数: 36天 / 1278天
等级: 128
石头: 10
呼符: 0
体力: 40158.153333333335 / 137
友情点: 370 / 932660`
*連続ログイン1日目
※ログインが途切れるか、7日到達すると
1日目から再開されます*
`フレンドポイント X 2000
5月交換券(2023) X 1
`*日替りログインボーナス*
*開催期間中、1日1回 2週間日替りでログインボーナスをプレゼント！*
`聖晶石 X 2
巡霊の葉 X 100
`_2023-05-19 19:33:50_
--------
