【登录信息】
*2a2542f9e61a9a1d3b83ae31889ac954*
`登陆天数: 37天 / 1306天
等级: 140
石头: 8
呼符: 0
体力: 701.14 / 140
友情点: 0 / 61466060`
*連続ログイン2日目
※ログインが途切れるか、7日到達すると
1日目から再開されます*
`聖晶石 X 1
5月交換券(2023) X 1
`*日替りログインボーナス*
*開催期間中、1日1回 2週間日替りでログインボーナスをプレゼント！*
`巡霊の葉 X 30
`_2023-05-20 19:33:46_
--------
*de7c2ff3b726fc25c2d04ab4578467d8*
`登陆天数: 37天 / 1279天
等级: 128
石头: 10
呼符: 0
体力: 40446.166666666664 / 137
友情点: 0 / 932660`
*連続ログイン2日目
※ログインが途切れるか、7日到達すると
1日目から再開されます*
`聖晶石 X 1
5月交換券(2023) X 1
`*日替りログインボーナス*
*開催期間中、1日1回 2週間日替りでログインボーナスをプレゼント！*
`巡霊の葉 X 30
`_2023-05-20 19:33:54_
--------
