【登录信息】
*2a2542f9e61a9a1d3b83ae31889ac954*
`登陆天数: 39天 / 1308天
等级: 140
石头: 8
呼符: 0
体力: 1277.1233333333332 / 140
友情点: 250 / 61466310`
*連続ログイン4日目
※ログインが途切れるか、7日到達すると
1日目から再開されます*
`聖晶石 X 1
5月交換券(2023) X 1
`*日替りログインボーナス*
*開催期間中、1日1回 2週間日替りでログインボーナスをプレゼント！*
`巡霊の葉 X 30
`_2023-05-22 19:33:41_
--------
*de7c2ff3b726fc25c2d04ab4578467d8*
`登陆天数: 39天 / 1281天
等级: 128
石头: 10
呼符: 0
体力: 41022.15 / 137
友情点: 175 / 933035`
*連続ログイン4日目
※ログインが途切れるか、7日到達すると
1日目から再開されます*
`聖晶石 X 1
5月交換券(2023) X 1
`*日替りログインボーナス*
*開催期間中、1日1回 2週間日替りでログインボーナスをプレゼント！*
`巡霊の葉 X 30
`_2023-05-22 19:33:50_
--------
