【登录信息】
*2a2542f9e61a9a1d3b83ae31889ac954*
`登陆天数: 41天 / 1310天
等级: 140
石头: 8
呼符: 0
体力: 1853.12 / 140
友情点: 0 / 61466310`
*連続ログイン6日目
※ログインが途切れるか、7日到達すると
1日目から再開されます*
`聖晶石 X 2
5月交換券(2023) X 1
`*FGO カルデア放送局 ライト版 FGO Fes. 2023＆ゲーム最新情報 放送記念 初回ログインボーナス*
*開催期間中、初回ログインで「聖晶石×14」をプレゼント！*
`聖晶石 X 14
`_2023-05-24 19:33:40_
--------
*de7c2ff3b726fc25c2d04ab4578467d8*
`登陆天数: 41天 / 1283天
等级: 128
石头: 10
呼符: 0
体力: 41598.14666666667 / 137
友情点: 0 / 933035`
*連続ログイン6日目
※ログインが途切れるか、7日到達すると
1日目から再開されます*
`聖晶石 X 2
5月交換券(2023) X 1
`*FGO カルデア放送局 ライト版 FGO Fes. 2023＆ゲーム最新情報 放送記念 初回ログインボーナス*
*開催期間中、初回ログインで「聖晶石×14」をプレゼント！*
`聖晶石 X 14
`_2023-05-24 19:33:48_
--------
