【登录信息】
*2a2542f9e61a9a1d3b83ae31889ac954*
`登陆天数: 55天 / 1324天
等级: 140
石头: 10
呼符: 2
体力: 3941.0833333333335 / 140
友情点: 25 / 61470715`
*連続ログイン6日目
※ログインが途切れるか、7日到達すると
1日目から再開されます*
`聖晶石 X 2
6月交換券(2023) X 1
`*奏章Ⅰ 
虚数羅針内界 ペーパームーン
開幕直前ログインボーナス*
*開催期間中、1日1回 7日間日替りでログインボーナスをプレゼント！*
`QP X 3000000
白銀の果実 X 1
`_2023-06-07 19:33:26_
--------
*de7c2ff3b726fc25c2d04ab4578467d8*
`登陆天数: 55天 / 1297天
等级: 128
石头: 10
呼符: 0
体力: 45630.10333333333 / 137
友情点: 0 / 933195`
*連続ログイン6日目
※ログインが途切れるか、7日到達すると
1日目から再開されます*
`聖晶石 X 2
6月交換券(2023) X 1
`*奏章Ⅰ 
虚数羅針内界 ペーパームーン
開幕直前ログインボーナス*
*開催期間中、1日1回 7日間日替りでログインボーナスをプレゼント！*
`QP X 3000000
白銀の果実 X 1
`_2023-06-07 19:33:34_
--------
