【登录信息】
*2a2542f9e61a9a1d3b83ae31889ac954*
`登陆天数: 56天 / 1325天
等级: 140
石头: 10
呼符: 2
体力: 4229.086666666666 / 140
友情点: 20 / 61470735`
*連続ログイン7日間到達おめでとうございます！
明日は1日目からリスタートされます。*
`獣の足跡 X 1
呼符 X 1
6月交換券(2023) X 1
`*奏章Ⅰ 
虚数羅針内界 ペーパームーン
開幕直前ログインボーナス*
*開催期間中、1日1回 7日間日替りでログインボーナスをプレゼント！*
`英霊結晶・星のフォウくん X 2
白銀の果実 X 1
`_2023-06-08 19:33:27_
--------
*de7c2ff3b726fc25c2d04ab4578467d8*
`登陆天数: 56天 / 1298天
等级: 128
石头: 10
呼符: 0
体力: 45918.10666666667 / 137
友情点: 20 / 933215`
*連続ログイン7日間到達おめでとうございます！
明日は1日目からリスタートされます。*
`獣の足跡 X 1
呼符 X 1
6月交換券(2023) X 1
`*奏章Ⅰ 
虚数羅針内界 ペーパームーン
開幕直前ログインボーナス*
*開催期間中、1日1回 7日間日替りでログインボーナスをプレゼント！*
`英霊結晶・星のフォウくん X 2
白銀の果実 X 1
`_2023-06-08 19:33:36_
--------
