【登录信息】
*2a2542f9e61a9a1d3b83ae31889ac954*
`登陆天数: 249天 / 1167天
等级: 139
石头: 55
呼符: 0
体力: 26.060000000000002 / 140
友情点: 100 / 71400970`
*連続ログイン4日目
※ログインが途切れるか、7日到達すると
1日目から再開されます*
`聖晶石 X 1
1月交換券(2023) X 1
`*2023年お正月キャンペーン　三が日限定ログインボーナス*
*開催期間中、三が日限定のログインボーナスをプレゼント！*
`伝承結晶 X 1
`_2022-12-31 19:35:34_
--------
*de7c2ff3b726fc25c2d04ab4578467d8*
`登陆天数: 249天 / 1144天
等级: 128
石头: 0
呼符: 0
体力: 126.52666666666667 / 137
友情点: 0 / 916825`
*連続ログイン4日目
※ログインが途切れるか、7日到達すると
1日目から再開されます*
`聖晶石 X 1
1月交換券(2023) X 1
`*2023年お正月キャンペーン　三が日限定ログインボーナス*
*開催期間中、三が日限定のログインボーナスをプレゼント！*
`伝承結晶 X 1
`_2022-12-31 19:35:42_
--------
