【登录信息】
*2a2542f9e61a9a1d3b83ae31889ac954*
`登陆天数: 252天 / 1170天
等级: 139
石头: 154
呼符: 0
体力: 152.95666666666668 / 140
友情点: 0 / 71473555`
*連続ログイン7日間到達おめでとうございます！
明日は1日目からリスタートされます。*
`獣の足跡 X 1
呼符 X 1
1月交換券(2023) X 1
`*2023年お正月キャンペーン 10万リツイート達成プレゼント*
*開催期間中、初回ログインでお正月限定概念礼装&2023万QPをプレゼント！*
`ラヴ・イット X 1
QP X 20230000
`_2023-01-03 19:35:42_
--------
*de7c2ff3b726fc25c2d04ab4578467d8*
`登陆天数: 252天 / 1147天
等级: 128
石头: 0
呼符: 0
体力: 990.5533333333333 / 137
友情点: 0 / 916850`
*連続ログイン7日間到達おめでとうございます！
明日は1日目からリスタートされます。*
`獣の足跡 X 1
呼符 X 1
1月交換券(2023) X 1
`*2023年お正月キャンペーン 10万リツイート達成プレゼント*
*開催期間中、初回ログインでお正月限定概念礼装&2023万QPをプレゼント！*
`ラヴ・イット X 1
QP X 20230000
`_2023-01-03 19:35:50_
--------
