【登录信息】
*2a2542f9e61a9a1d3b83ae31889ac954*
`登陆天数: 261天 / 1179天
等级: 139
石头: 167
呼符: 0
体力: 20.96666666666667 / 140
友情点: 0 / 61417030`
*連続ログイン2日目
※ログインが途切れるか、7日到達すると
1日目から再開されます*
`聖晶石 X 1
1月交換券(2023) X 1
`*「Lostbelt No.7 黄金樹海紀行 ナウイ・ミクトラン 惑星を統べるもの」(後編)開幕直前連続ログインボーナス*
*開催期間中、1日1回 最大7回 連続ログインボーナスをプレゼント！*
`黄金の果実 X 1
`_2023-01-12 19:35:45_
--------
*de7c2ff3b726fc25c2d04ab4578467d8*
`登陆天数: 3天 / 1155天
等级: 128
石头: 0
呼符: 0
体力: 3582.5633333333335 / 137
友情点: 0 / 916925`
*連続ログイン3日目
※ログインが途切れるか、7日到達すると
1日目から再開されます*
`叡智の業火 X 1
1月交換券(2023) X 1
`*「Lostbelt No.7 黄金樹海紀行 ナウイ・ミクトラン 惑星を統べるもの」(後編)開幕直前連続ログインボーナス*
*開催期間中、1日1回 最大7回 連続ログインボーナスをプレゼント！*
`黄金の果実 X 1
`_2023-01-12 19:35:53_
--------
