【登录信息】
*2a2542f9e61a9a1d3b83ae31889ac954*
`登陆天数: 263天 / 1181天
等级: 139
石头: 181
呼符: 0
体力: 98.09333333333333 / 140
友情点: 0 / 61417380`
*連続ログイン4日目
※ログインが途切れるか、7日到達すると
1日目から再開されます*
`聖晶石 X 1
1月交換券(2023) X 1
`*「Lostbelt No.7 黄金樹海紀行 ナウイ・ミクトラン 惑星を統べるもの」(後編)開幕直前連続ログインボーナス*
*開催期間中、1日1回 最大7回 連続ログインボーナスをプレゼント！*
`聖晶石 X 3
`_2023-01-14 19:35:34_
--------
*de7c2ff3b726fc25c2d04ab4578467d8*
`登陆天数: 5天 / 1157天
等级: 128
石头: 0
呼符: 0
体力: 4158.526666666667 / 137
友情点: 25 / 916975`
*連続ログイン5日目
※ログインが途切れるか、7日到達すると
1日目から再開されます*
`叡智の業火 X 2
1月交換券(2023) X 1
`*「Lostbelt No.7 黄金樹海紀行 ナウイ・ミクトラン 惑星を統べるもの」(後編)開幕直前連続ログインボーナス*
*開催期間中、1日1回 最大7回 連続ログインボーナスをプレゼント！*
`聖晶石 X 3
`_2023-01-14 19:35:42_
--------
