【登录信息】
*2a2542f9e61a9a1d3b83ae31889ac954*
`登陆天数: 266天 / 1184天
等级: 139
石头: 207
呼符: 0
体力: 46.93333333333334 / 140
友情点: 0 / 61413840`
*連続ログイン7日間到達おめでとうございます！
明日は1日目からリスタートされます。*
`獣の足跡 X 1
呼符 X 1
1月交換券(2023) X 1
`*「Lostbelt No.7 黄金樹海紀行 ナウイ・ミクトラン 惑星を統べるもの」(後編)開幕直前連続ログインボーナス*
*開催期間中、1日1回 最大7回 連続ログインボーナスをプレゼント！*
`聖晶石 X 4
`_2023-01-17 19:35:44_
--------
*de7c2ff3b726fc25c2d04ab4578467d8*
`登陆天数: 8天 / 1160天
等级: 128
石头: 0
呼符: 0
体力: 5022.56 / 137
友情点: 0 / 917025`
*連続ログイン1日目
※ログインが途切れるか、7日到達すると
1日目から再開されます*
`フレンドポイント X 2000
1月交換券(2023) X 1
`*「Lostbelt No.7 黄金樹海紀行 ナウイ・ミクトラン 惑星を統べるもの」(後編)開幕直前連続ログインボーナス*
*開催期間中、1日1回 最大7回 連続ログインボーナスをプレゼント！*
`聖晶石 X 4
`_2023-01-17 19:35:52_
--------
