【登录信息】
*2a2542f9e61a9a1d3b83ae31889ac954*
`登陆天数: 316天 / 1234天
等级: 140
石头: 0
呼符: 0
体力: 235.75666666666666 / 140
友情点: 0 / 61438845`
*連続ログイン1日目
※ログインが途切れるか、7日到達すると
1日目から再開されます*
`フレンドポイント X 2000
3月交換券(2023) X 1
`*CBC2023開催直前特別連続ログインボーナス*
*開催期間中、1日1回 最大7回 連続ログインボーナスをプレゼント！*
`白銀の果実 X 2
`_2023-03-08 19:34:25_
--------
*de7c2ff3b726fc25c2d04ab4578467d8*
`登陆天数: 23天 / 1207天
等级: 128
石头: 10
呼符: 0
体力: 19422.3 / 137
友情点: 25 / 929385`
*連続ログイン2日目
※ログインが途切れるか、7日到達すると
1日目から再開されます*
`聖晶石 X 1
3月交換券(2023) X 1
`*CBC2023開催直前特別連続ログインボーナス*
*開催期間中、1日1回 最大7回 連続ログインボーナスをプレゼント！*
`白銀の果実 X 2
`_2023-03-08 19:34:34_
--------
