【登录信息】
*2a2542f9e61a9a1d3b83ae31889ac954*
`登陆天数: 318天 / 1236天
等级: 140
石头: 0
呼符: 0
体力: 531.51 / 140
友情点: 0 / 61438845`
*連続ログイン3日目
※ログインが途切れるか、7日到達すると
1日目から再開されます*
`叡智の業火 X 1
3月交換券(2023) X 1
`*「FGO ウィンターパーティー 2022-2023」大阪会場開催直前 ログインボーナス*
*開催期間中、1日1回 最大3回 ログインボーナスをプレゼント！*
`黄金の果実 X 1
`_2023-03-10 19:33:49_
--------
*de7c2ff3b726fc25c2d04ab4578467d8*
`登陆天数: 25天 / 1209天
等级: 128
石头: 10
呼符: 0
体力: 19998.176666666666 / 137
友情点: 0 / 929385`
*連続ログイン4日目
※ログインが途切れるか、7日到達すると
1日目から再開されます*
`聖晶石 X 1
3月交換券(2023) X 1
`*「FGO ウィンターパーティー 2022-2023」大阪会場開催直前 ログインボーナス*
*開催期間中、1日1回 最大3回 ログインボーナスをプレゼント！*
`黄金の果実 X 1
`_2023-03-10 19:33:57_
--------
