【登录信息】
*2a2542f9e61a9a1d3b83ae31889ac954*
`登陆天数: 320天 / 1238天
等级: 140
石头: 1
呼符: 0
体力: 470.4033333333333 / 140
友情点: 0 / 61440845`
*連続ログイン5日目
※ログインが途切れるか、7日到達すると
1日目から再開されます*
`叡智の業火 X 2
3月交換券(2023) X 1
`*CBC2023開催直前特別連続ログインボーナス*
*開催期間中、1日1回 最大7回 連続ログインボーナスをプレゼント！*
`英霊結晶・太陽のフォウくん X 3
`_2023-03-12 19:33:52_
--------
*de7c2ff3b726fc25c2d04ab4578467d8*
`登陆天数: 27天 / 1211天
等级: 128
石头: 10
呼符: 0
体力: 20574.18666666667 / 137
友情点: 0 / 929385`
*連続ログイン6日目
※ログインが途切れるか、7日到達すると
1日目から再開されます*
`聖晶石 X 2
3月交換券(2023) X 1
`*CBC2023開催直前特別連続ログインボーナス*
*開催期間中、1日1回 最大7回 連続ログインボーナスをプレゼント！*
`英霊結晶・太陽のフォウくん X 3
`_2023-03-12 19:34:00_
--------
