【登录信息】
*2a2542f9e61a9a1d3b83ae31889ac954*
`登陆天数: 321天 / 1239天
等级: 140
石头: 0
呼符: 0
体力: 242.39333333333332 / 140
友情点: 0 / 61440845`
*連続ログイン6日目
※ログインが途切れるか、7日到達すると
1日目から再開されます*
`聖晶石 X 2
3月交換券(2023) X 1
`*CBC2023開催直前特別連続ログインボーナス*
*開催期間中、1日1回 最大7回 連続ログインボーナスをプレゼント！*
`白銀の果実 X 2
`_2023-03-13 19:33:49_
--------
*de7c2ff3b726fc25c2d04ab4578467d8*
`登陆天数: 28天 / 1212天
等级: 128
石头: 10
呼符: 0
体力: 20862.176666666666 / 137
友情点: 0 / 929385`
*連続ログイン7日間到達おめでとうございます！
明日は1日目からリスタートされます。*
`獣の足跡 X 1
呼符 X 1
3月交換券(2023) X 1
`*CBC2023開催直前特別連続ログインボーナス*
*開催期間中、1日1回 最大7回 連続ログインボーナスをプレゼント！*
`白銀の果実 X 2
`_2023-03-13 19:33:58_
--------
