【登录信息】
*2a2542f9e61a9a1d3b83ae31889ac954*
`登陆天数: 322天 / 1240天
等级: 140
石头: 7
呼符: 1
体力: 75.29666666666667 / 140
友情点: 0 / 61440845`
*連続ログイン7日間到達おめでとうございます！
明日は1日目からリスタートされます。*
`獣の足跡 X 1
呼符 X 1
3月交換券(2023) X 1
`*CBC2023開催直前特別連続ログインボーナス*
*開催期間中、1日1回 最大7回 連続ログインボーナスをプレゼント！*
`聖晶石 X 3
`_2023-03-14 19:35:04_
--------
*de7c2ff3b726fc25c2d04ab4578467d8*
`登陆天数: 29天 / 1213天
等级: 128
石头: 10
呼符: 0
体力: 21150.426666666666 / 137
友情点: 25 / 929410`
*連続ログイン1日目
※ログインが途切れるか、7日到達すると
1日目から再開されます*
`フレンドポイント X 2000
3月交換券(2023) X 1
`*CBC2023開催直前特別連続ログインボーナス*
*開催期間中、1日1回 最大7回 連続ログインボーナスをプレゼント！*
`聖晶石 X 3
`_2023-03-14 19:35:13_
--------
