【登录信息】
*2a2542f9e61a9a1d3b83ae31889ac954*
`登陆天数: 325天 / 1243天
等级: 140
石头: 2
呼符: 0
体力: 227.62333333333333 / 140
友情点: 25 / 61442895`
*連続ログイン3日目
※ログインが途切れるか、7日到達すると
1日目から再開されます*
`叡智の業火 X 1
3月交換券(2023) X 1
`*「カルデアボーイズコレクション2023」開催記念初回ログインボーナス*
*開催期間中、初回ログインで「CBC2023特別優待券」をプレゼント！*
`CBC2023特別優待券 X 1
`_2023-03-17 19:33:50_
--------
*de7c2ff3b726fc25c2d04ab4578467d8*
`登陆天数: 32天 / 1216天
等级: 128
石头: 10
呼符: 0
体力: 22014.183333333334 / 137
友情点: 25 / 929435`
*連続ログイン4日目
※ログインが途切れるか、7日到達すると
1日目から再開されます*
`聖晶石 X 1
3月交換券(2023) X 1
`*「カルデアボーイズコレクション2023」開催記念初回ログインボーナス*
*開催期間中、初回ログインで「CBC2023特別優待券」をプレゼント！*
`CBC2023特別優待券 X 1
`_2023-03-17 19:33:59_
--------
