【登录信息】
*2a2542f9e61a9a1d3b83ae31889ac954*
`登陆天数: 335天 / 1253天
等级: 140
石头: 5
呼符: 0
体力: 1358.1266666666668 / 140
友情点: 0 / 61444945`
*連続ログイン6日目
※ログインが途切れるか、7日到達すると
1日目から再開されます*
`聖晶石 X 2
3月交換券(2023) X 1
`*Fate/Grand Order 春の新米マスター応援キャンペーン2023！
日替りログインボーナス*
*開催期間中、1日1回 6日間日替りでログインボーナスをプレゼント！*
`呼符 X 1
`_2023-03-27 19:33:34_
--------
*de7c2ff3b726fc25c2d04ab4578467d8*
`登陆天数: 42天 / 1226天
等级: 128
石头: 10
呼符: 0
体力: 24894.126666666667 / 137
友情点: 0 / 929460`
*連続ログイン7日間到達おめでとうございます！
明日は1日目からリスタートされます。*
`獣の足跡 X 1
呼符 X 1
3月交換券(2023) X 1
`*Fate/Grand Order 春の新米マスター応援キャンペーン2023！
日替りログインボーナス*
*開催期間中、1日1回 6日間日替りでログインボーナスをプレゼント！*
`呼符 X 1
`_2023-03-27 19:33:42_
--------
