【登录信息】
*2a2542f9e61a9a1d3b83ae31889ac954*
`登陆天数: 336天 / 1254天
等级: 140
石头: 2
呼符: 0
体力: 246.08333333333331 / 140
友情点: 100 / 61445045`
*連続ログイン7日間到達おめでとうございます！
明日は1日目からリスタートされます。*
`獣の足跡 X 1
呼符 X 1
3月交換券(2023) X 1
`*リリース2800日突破キャンペーン 初回ログインボーナス*
*開催期間中、初回ログインで「聖晶石×10」をプレゼント！*
`聖晶石 X 10
`_2023-03-28 19:33:44_
--------
*de7c2ff3b726fc25c2d04ab4578467d8*
`登陆天数: 43天 / 1227天
等级: 128
石头: 10
呼符: 0
体力: 25182.16 / 137
友情点: 0 / 929460`
*連続ログイン1日目
※ログインが途切れるか、7日到達すると
1日目から再開されます*
`フレンドポイント X 2000
3月交換券(2023) X 1
`*リリース2800日突破キャンペーン 初回ログインボーナス*
*開催期間中、初回ログインで「聖晶石×10」をプレゼント！*
`聖晶石 X 10
`_2023-03-28 19:33:52_
--------
