【登录信息】
*2a2542f9e61a9a1d3b83ae31889ac954*
`登陆天数: 338天 / 1256天
等级: 140
石头: 2
呼符: 0
体力: 822.05 / 140
友情点: 0 / 61445145`
*連続ログイン2日目
※ログインが途切れるか、7日到達すると
1日目から再開されます*
`聖晶石 X 1
3月交換券(2023) X 1
`*Fate/Grand Order 春の新米マスター応援キャンペーン2023！
日替りログインボーナス*
*開催期間中、1日1回 6日間日替りでログインボーナスをプレゼント！*
`聖晶石 X 1
`_2023-03-30 19:33:34_
--------
*de7c2ff3b726fc25c2d04ab4578467d8*
`登陆天数: 45天 / 1229天
等级: 128
石头: 10
呼符: 0
体力: 25758.126666666667 / 137
友情点: 0 / 929460`
*連続ログイン3日目
※ログインが途切れるか、7日到達すると
1日目から再開されます*
`叡智の業火 X 1
3月交換券(2023) X 1
`*Fate/Grand Order 春の新米マスター応援キャンペーン2023！
日替りログインボーナス*
*開催期間中、1日1回 6日間日替りでログインボーナスをプレゼント！*
`聖晶石 X 1
`_2023-03-30 19:33:42_
--------
