【登录信息】
*2a2542f9e61a9a1d3b83ae31889ac954*
`登陆天数: 231天 / 1149天
等级: 138
石头: 31
呼符: 3
体力: 72.67666666666666 / 140
友情点: 0 / 71274595`
*連続ログイン7日間到達おめでとうございます！
明日は1日目からリスタートされます。*
`獣の足跡 X 1
呼符 X 1
12月交換券(2022) X 1
`*「MELTY BLOOD: TYPE LUMINA」牛若丸＆巌窟王参戦記念特別ログインボーナス*
*開催期間中、1日1回 最大3回 ログインボーナスをプレゼント！*
`天衣無縫の武者 X 1
星見のティーポット X 2
`_2022-12-13 19:35:42_
--------
*de7c2ff3b726fc25c2d04ab4578467d8*
`登陆天数: 231天 / 1126天
等级: 128
石头: 1583
呼符: 2
体力: 84.91666666666666 / 137
友情点: 0 / 833190`
*連続ログイン7日間到達おめでとうございます！
明日は1日目からリスタートされます。*
`獣の足跡 X 1
呼符 X 1
12月交換券(2022) X 1
`*「MELTY BLOOD: TYPE LUMINA」牛若丸＆巌窟王参戦記念特別ログインボーナス*
*開催期間中、1日1回 最大3回 ログインボーナスをプレゼント！*
`天衣無縫の武者 X 1
星見のティーポット X 2
`_2022-12-13 19:35:50_
--------
