【登录信息】
*2a2542f9e61a9a1d3b83ae31889ac954*
`登陆天数: 232天 / 1150天
等级: 138
石头: 43
呼符: 4
体力: 98.55 / 140
友情点: 0 / 71283315`
*連続ログイン1日目
※ログインが途切れるか、7日到達すると
1日目から再開されます*
`フレンドポイント X 2000
12月交換券(2022) X 1
`*「Lostbelt No.7」開幕前メインクエストクリア応援特別ログインボーナス*
*開催期間中、1日1回 最大7回 ログインボーナスをプレゼント！*
`聖晶石 X 1
`_2022-12-14 19:35:51_
--------
*de7c2ff3b726fc25c2d04ab4578467d8*
`登陆天数: 232天 / 1127天
等级: 128
石头: 1595
呼符: 3
体力: 103.15 / 137
友情点: 0 / 833220`
*連続ログイン1日目
※ログインが途切れるか、7日到達すると
1日目から再開されます*
`フレンドポイント X 2000
12月交換券(2022) X 1
`*「Lostbelt No.7」開幕前メインクエストクリア応援特別ログインボーナス*
*開催期間中、1日1回 最大7回 ログインボーナスをプレゼント！*
`聖晶石 X 1
`_2022-12-14 19:35:59_
--------
