【登录信息】
*2a2542f9e61a9a1d3b83ae31889ac954*
`登陆天数: 233天 / 1151天
等级: 138
石头: 85
呼符: 0
体力: 100.60333333333332 / 140
友情点: 0 / 71304815`
*連続ログイン2日目
※ログインが途切れるか、7日到達すると
1日目から再開されます*
`聖晶石 X 1
12月交換券(2022) X 1
`*「Lostbelt No.7」開幕前メインクエストクリア応援特別ログインボーナス*
*開催期間中、1日1回 最大7回 ログインボーナスをプレゼント！*
`聖晶石 X 1
`_2022-12-15 19:35:48_
--------
*de7c2ff3b726fc25c2d04ab4578467d8*
`登陆天数: 233天 / 1128天
等级: 128
石头: 1596
呼符: 3
体力: 119.33 / 137
友情点: 0 / 835250`
*連続ログイン2日目
※ログインが途切れるか、7日到達すると
1日目から再開されます*
`聖晶石 X 1
12月交換券(2022) X 1
`*「Lostbelt No.7」開幕前メインクエストクリア応援特別ログインボーナス*
*開催期間中、1日1回 最大7回 ログインボーナスをプレゼント！*
`聖晶石 X 1
`_2022-12-15 19:35:57_
--------
