【登录信息】
*2a2542f9e61a9a1d3b83ae31889ac954*
`登陆天数: 234天 / 1152天
等级: 139
石头: 89
呼符: 0
体力: 106.14 / 140
友情点: 0 / 71307450`
*連続ログイン3日目
※ログインが途切れるか、7日到達すると
1日目から再開されます*
`叡智の業火 X 1
12月交換券(2022) X 1
`*「Lostbelt No.7」開幕前メインクエストクリア応援特別ログインボーナス*
*開催期間中、1日1回 最大7回 ログインボーナスをプレゼント！*
`聖晶石 X 1
`_2022-12-16 19:35:37_
--------
*de7c2ff3b726fc25c2d04ab4578467d8*
`登陆天数: 234天 / 1129天
等级: 128
石头: 1283
呼符: 0
体力: 117.58333333333333 / 137
友情点: 0 / 835280`
*連続ログイン3日目
※ログインが途切れるか、7日到達すると
1日目から再開されます*
`叡智の業火 X 1
12月交換券(2022) X 1
`*「Lostbelt No.7」開幕前メインクエストクリア応援特別ログインボーナス*
*開催期間中、1日1回 最大7回 ログインボーナスをプレゼント！*
`聖晶石 X 1
`_2022-12-16 19:35:45_
--------
