【登录信息】
*2a2542f9e61a9a1d3b83ae31889ac954*
`登陆天数: 235天 / 1153天
等级: 139
石头: 89
呼符: 0
体力: 82.05666666666667 / 140
友情点: 95 / 71308645`
*連続ログイン4日目
※ログインが途切れるか、7日到達すると
1日目から再開されます*
`聖晶石 X 1
12月交換券(2022) X 1
`*「Lostbelt No.7」開幕前メインクエストクリア応援特別ログインボーナス*
*開催期間中、1日1回 最大7回 ログインボーナスをプレゼント！*
`聖晶石 X 2
`_2022-12-17 19:35:30_
--------
*de7c2ff3b726fc25c2d04ab4578467d8*
`登陆天数: 235天 / 1130天
等级: 128
石头: 894
呼符: 0
体力: 206.99333333333334 / 137
友情点: 0 / 835310`
*連続ログイン4日目
※ログインが途切れるか、7日到達すると
1日目から再開されます*
`聖晶石 X 1
12月交換券(2022) X 1
`*「Lostbelt No.7」開幕前メインクエストクリア応援特別ログインボーナス*
*開催期間中、1日1回 最大7回 ログインボーナスをプレゼント！*
`聖晶石 X 2
`_2022-12-17 19:35:38_
--------
