【登录信息】
*2a2542f9e61a9a1d3b83ae31889ac954*
`登陆天数: 236天 / 1154天
等级: 139
石头: 89
呼符: 0
体力: 107.00666666666666 / 140
友情点: 75 / 71308795`
*連続ログイン5日目
※ログインが途切れるか、7日到達すると
1日目から再開されます*
`叡智の業火 X 2
12月交換券(2022) X 1
`*リリース2700日突破キャンペーン 初回ログインボーナス*
*開催期間中、初回ログインで「聖晶石×10」をプレゼント！*
`聖晶石 X 10
`_2022-12-18 19:35:29_
--------
*de7c2ff3b726fc25c2d04ab4578467d8*
`登陆天数: 236天 / 1131天
等级: 128
石头: 894
呼符: 0
体力: 494.99 / 137
友情点: 0 / 835310`
*連続ログイン5日目
※ログインが途切れるか、7日到達すると
1日目から再開されます*
`叡智の業火 X 2
12月交換券(2022) X 1
`*リリース2700日突破キャンペーン 初回ログインボーナス*
*開催期間中、初回ログインで「聖晶石×10」をプレゼント！*
`聖晶石 X 10
`_2022-12-18 19:35:37_
--------
