【登录信息】
*2a2542f9e61a9a1d3b83ae31889ac954*
`登陆天数: 237天 / 1155天
等级: 139
石头: 2
呼符: 0
体力: 121.75666666666666 / 140
友情点: 25 / 71309145`
*連続ログイン6日目
※ログインが途切れるか、7日到達すると
1日目から再開されます*
`聖晶石 X 2
12月交換券(2022) X 1
`*「Lostbelt No.7」開幕直前
カウントダウンログインボーナス*
*開催期間中、1日1回 6日間日替りでログインボーナスをプレゼント！*
`叡智の業火 X 7
`_2022-12-19 19:35:57_
--------
*de7c2ff3b726fc25c2d04ab4578467d8*
`登陆天数: 237天 / 1132天
等级: 128
石头: 894
呼符: 0
体力: 783.08 / 137
友情点: 0 / 835310`
*連続ログイン6日目
※ログインが途切れるか、7日到達すると
1日目から再開されます*
`聖晶石 X 2
12月交換券(2022) X 1
`*「Lostbelt No.7」開幕直前
カウントダウンログインボーナス*
*開催期間中、1日1回 6日間日替りでログインボーナスをプレゼント！*
`叡智の業火 X 7
`_2022-12-19 19:36:05_
--------
