【登录信息】
*2a2542f9e61a9a1d3b83ae31889ac954*
`登陆天数: 238天 / 1156天
等级: 139
石头: 0
呼符: 0
体力: 72.51 / 140
友情点: 0 / 71309180`
*連続ログイン7日間到達おめでとうございます！
明日は1日目からリスタートされます。*
`獣の足跡 X 1
呼符 X 1
12月交換券(2022) X 1
`*「Lostbelt No.7」開幕直前
カウントダウンログインボーナス*
*開催期間中、1日1回 6日間日替りでログインボーナスをプレゼント！*
`英霊結晶・星のフォウくん X 7
英霊結晶・太陽のフォウくん X 7
`_2022-12-20 19:35:42_
--------
*de7c2ff3b726fc25c2d04ab4578467d8*
`登陆天数: 238天 / 1133天
等级: 128
石头: 925
呼符: 0
体力: 73.14333333333333 / 137
友情点: 0 / 835335`
*連続ログイン7日間到達おめでとうございます！
明日は1日目からリスタートされます。*
`獣の足跡 X 1
呼符 X 1
12月交換券(2022) X 1
`*「Lostbelt No.7」開幕直前
カウントダウンログインボーナス*
*開催期間中、1日1回 6日間日替りでログインボーナスをプレゼント！*
`英霊結晶・星のフォウくん X 7
英霊結晶・太陽のフォウくん X 7
`_2022-12-20 19:35:50_
--------
