【登录信息】
*2a2542f9e61a9a1d3b83ae31889ac954*
`登陆天数: 239天 / 1157天
等级: 139
石头: 0
呼符: 0
体力: 138.93 / 140
友情点: 0 / 71309190`
*連続ログイン1日目
※ログインが途切れるか、7日到達すると
1日目から再開されます*
`フレンドポイント X 2000
12月交換券(2022) X 1
`*「Lostbelt No.7」開幕直前
カウントダウンログインボーナス*
*開催期間中、1日1回 6日間日替りでログインボーナスをプレゼント！*
`マナプリズム X 70
`_2022-12-21 19:35:35_
--------
*de7c2ff3b726fc25c2d04ab4578467d8*
`登陆天数: 239天 / 1134天
等级: 128
石头: 925
呼符: 0
体力: 241.11666666666667 / 137
友情点: 25 / 835360`
*連続ログイン1日目
※ログインが途切れるか、7日到達すると
1日目から再開されます*
`フレンドポイント X 2000
12月交換券(2022) X 1
`*「Lostbelt No.7」開幕直前
カウントダウンログインボーナス*
*開催期間中、1日1回 6日間日替りでログインボーナスをプレゼント！*
`マナプリズム X 70
`_2022-12-21 19:35:43_
--------
