【登录信息】
*2a2542f9e61a9a1d3b83ae31889ac954*
`登陆天数: 240天 / 1158天
等级: 139
石头: 0
呼符: 0
体力: 128.98666666666668 / 140
友情点: 0 / 71311190`
*連続ログイン2日目
※ログインが途切れるか、7日到達すると
1日目から再開されます*
`聖晶石 X 1
12月交換券(2022) X 1
`*「Lostbelt No.7」開幕直前
カウントダウンログインボーナス*
*開催期間中、1日1回 6日間日替りでログインボーナスをプレゼント！*
`フレンドポイント X 70000
`_2022-12-22 19:35:42_
--------
*de7c2ff3b726fc25c2d04ab4578467d8*
`登陆天数: 240天 / 1135天
等级: 128
石头: 508
呼符: 0
体力: 113.15333333333334 / 137
友情点: 0 / 837360`
*連続ログイン2日目
※ログインが途切れるか、7日到達すると
1日目から再開されます*
`聖晶石 X 1
12月交換券(2022) X 1
`*「Lostbelt No.7」開幕直前
カウントダウンログインボーナス*
*開催期間中、1日1回 6日間日替りでログインボーナスをプレゼント！*
`フレンドポイント X 70000
`_2022-12-22 19:35:51_
--------
