【登录信息】
*2a2542f9e61a9a1d3b83ae31889ac954*
`登陆天数: 241天 / 1159天
等级: 139
石头: 1
呼符: 0
体力: 67.92666666666666 / 140
友情点: 0 / 71381190`
*連続ログイン3日目
※ログインが途切れるか、7日到達すると
1日目から再開されます*
`叡智の業火 X 1
12月交換券(2022) X 1
`*「Lostbelt No.7」開幕直前
カウントダウンログインボーナス*
*開催期間中、1日1回 6日間日替りでログインボーナスをプレゼント！*
`QP X 7000000
`_2022-12-23 19:35:39_
--------
*de7c2ff3b726fc25c2d04ab4578467d8*
`登陆天数: 241天 / 1136天
等级: 128
石头: 508
呼符: 0
体力: 118.04666666666667 / 137
友情点: 25 / 837410`
*連続ログイン3日目
※ログインが途切れるか、7日到達すると
1日目から再開されます*
`叡智の業火 X 1
12月交換券(2022) X 1
`*「FGO ウィンターパーティー 2022-2023」北海道会場開催直前 ログインボーナス*
*開催期間中、1日1回 最大3回 ログインボーナスをプレゼント！*
`黄金の果実 X 1
`_2022-12-23 19:35:47_
--------
