【登录信息】
*2a2542f9e61a9a1d3b83ae31889ac954*
`登陆天数: 242天 / 1160天
等级: 139
石头: 1
呼符: 0
体力: 97.12 / 140
友情点: 0 / 71381190`
*連続ログイン4日目
※ログインが途切れるか、7日到達すると
1日目から再開されます*
`聖晶石 X 1
12月交換券(2022) X 1
`*新所長からのクリスマスプレゼント*
*開催期間中、初回ログインで「聖晶石×10」をプレゼント！*
`聖晶石 X 10
`_2022-12-24 19:35:29_
--------
*de7c2ff3b726fc25c2d04ab4578467d8*
`登陆天数: 242天 / 1137天
等级: 128
石头: 509
呼符: 0
体力: 128.58 / 137
友情点: 0 / 907410`
*連続ログイン4日目
※ログインが途切れるか、7日到達すると
1日目から再開されます*
`聖晶石 X 1
12月交換券(2022) X 1
`*新所長からのクリスマスプレゼント*
*開催期間中、初回ログインで「聖晶石×10」をプレゼント！*
`聖晶石 X 10
`_2022-12-24 19:35:38_
--------
