【登录信息】
*2a2542f9e61a9a1d3b83ae31889ac954*
`登陆天数: 247天 / 1165天
等级: 139
石头: 0
呼符: 0
体力: 116.14666666666668 / 140
友情点: 0 / 71386370`
*連続ログイン2日目
※ログインが途切れるか、7日到達すると
1日目から再開されます*
`聖晶石 X 1
12月交換券(2022) X 1
`*Fate Project 大晦日TVスペシャル2022 放送カウントダウンログインボーナス*
*開催期間中、1日1回 3日間日替りでログインボーナスをプレゼント！*
`黄金の果実 X 1
`_2022-12-29 19:35:40_
--------
*de7c2ff3b726fc25c2d04ab4578467d8*
`登陆天数: 247天 / 1142天
等级: 128
石头: 571
呼符: 0
体力: 960.3733333333333 / 137
友情点: 0 / 910625`
*連続ログイン2日目
※ログインが途切れるか、7日到達すると
1日目から再開されます*
`聖晶石 X 1
12月交換券(2022) X 1
`*Fate Project 大晦日TVスペシャル2022 放送カウントダウンログインボーナス*
*開催期間中、1日1回 3日間日替りでログインボーナスをプレゼント！*
`黄金の果実 X 1
`_2022-12-29 19:35:48_
--------
