【登录信息】
*2a2542f9e61a9a1d3b83ae31889ac954*
`登陆天数: 248天 / 1166天
等级: 139
石头: 1
呼符: 0
体力: 219.35 / 140
友情点: 0 / 71386370`
*連続ログイン3日目
※ログインが途切れるか、7日到達すると
1日目から再開されます*
`叡智の業火 X 1
12月交換券(2022) X 1
`*Fate Project 大晦日TVスペシャル2022 放送カウントダウンログインボーナス*
*開催期間中、1日1回 3日間日替りでログインボーナスをプレゼント！*
`黄金の果実 X 1
呼符 X 1
`_2022-12-30 19:35:38_
--------
*de7c2ff3b726fc25c2d04ab4578467d8*
`登陆天数: 248天 / 1143天
等级: 128
石头: 571
呼符: 0
体力: 1248.3633333333332 / 137
友情点: 0 / 910625`
*連続ログイン3日目
※ログインが途切れるか、7日到達すると
1日目から再開されます*
`叡智の業火 X 1
12月交換券(2022) X 1
`*Fate Project 大晦日TVスペシャル2022 放送カウントダウンログインボーナス*
*開催期間中、1日1回 3日間日替りでログインボーナスをプレゼント！*
`黄金の果実 X 1
呼符 X 1
`_2022-12-30 19:35:46_
--------
