【登录信息】
*2a2542f9e61a9a1d3b83ae31889ac954*
`登陆天数: 22天 / 1361天
等级: 140
石头: 10
呼符: 0
体力: 9742.506666666666 / 140
友情点: 95 / 61483695`
*連続ログイン1日目
※ログインが途切れるか、7日到達すると
1日目から再開されます*
`フレンドポイント X 2000
9月交換券(2023) X 1
`*ハンティングクエスト 第13弾
特別ログインボーナス*
*開催期間中、1日1回 最大7回ログインボーナスをプレゼント！*
`黄金の果実 X 1
`_2023-09-01 19:35:07_
--------
*de7c2ff3b726fc25c2d04ab4578467d8*
`登陆天数: 22天 / 1331天
等级: 128
石头: 10
呼符: 0
体力: 70398.44 / 137
友情点: 50 / 934910`
*連続ログイン1日目
※ログインが途切れるか、7日到達すると
1日目から再開されます*
`フレンドポイント X 2000
9月交換券(2023) X 1
`*ハンティングクエスト 第13弾
特別ログインボーナス*
*開催期間中、1日1回 最大7回ログインボーナスをプレゼント！*
`黄金の果実 X 1
`_2023-09-01 19:35:16_
--------
