【登录信息】
*2a2542f9e61a9a1d3b83ae31889ac954*
`登陆天数: 24天 / 1363天
等级: 140
石头: 10
呼符: 0
体力: 10318.566666666668 / 140
友情点: 260 / 61484025`
*連続ログイン3日目
※ログインが途切れるか、7日到達すると
1日目から再開されます*
`叡智の業火 X 1
9月交換券(2023) X 1
`*ハンティングクエスト 第13弾
特別ログインボーナス*
*開催期間中、1日1回 最大7回ログインボーナスをプレゼント！*
`黄金の果実 X 1
`_2023-09-03 19:35:24_
--------
*de7c2ff3b726fc25c2d04ab4578467d8*
`登陆天数: 24天 / 1333天
等级: 128
石头: 10
呼符: 0
体力: 70974.49666666667 / 137
友情点: 130 / 935090`
*連続ログイン3日目
※ログインが途切れるか、7日到達すると
1日目から再開されます*
`叡智の業火 X 1
9月交換券(2023) X 1
`*ハンティングクエスト 第13弾
特別ログインボーナス*
*開催期間中、1日1回 最大7回ログインボーナスをプレゼント！*
`黄金の果実 X 1
`_2023-09-03 19:35:33_
--------
