【登录信息】
*2a2542f9e61a9a1d3b83ae31889ac954*
`登陆天数: 25天 / 1364天
等级: 140
石头: 10
呼符: 0
体力: 10606.603333333333 / 140
友情点: 210 / 61484235`
*連続ログイン4日目
※ログインが途切れるか、7日到達すると
1日目から再開されます*
`聖晶石 X 1
9月交換券(2023) X 1
`*ハンティングクエスト 第13弾
特別ログインボーナス*
*開催期間中、1日1回 最大7回ログインボーナスをプレゼント！*
`黄金の果実 X 1
`_2023-09-04 19:35:36_
--------
*de7c2ff3b726fc25c2d04ab4578467d8*
`登陆天数: 25天 / 1334天
等级: 128
石头: 10
呼符: 0
体力: 71262.53333333334 / 137
友情点: 140 / 935230`
*連続ログイン4日目
※ログインが途切れるか、7日到達すると
1日目から再開されます*
`聖晶石 X 1
9月交換券(2023) X 1
`*ハンティングクエスト 第13弾
特別ログインボーナス*
*開催期間中、1日1回 最大7回ログインボーナスをプレゼント！*
`黄金の果実 X 1
`_2023-09-04 19:35:44_
--------
