【登录信息】
*2a2542f9e61a9a1d3b83ae31889ac954*
`登陆天数: 26天 / 1365天
等级: 140
石头: 10
呼符: 0
体力: 10894.573333333334 / 140
友情点: 90 / 61484325`
*連続ログイン5日目
※ログインが途切れるか、7日到達すると
1日目から再開されます*
`叡智の業火 X 2
9月交換券(2023) X 1
`*ハンティングクエスト 第13弾
特別ログインボーナス*
*開催期間中、1日1回 最大7回ログインボーナスをプレゼント！*
`黄金の果実 X 1
`_2023-09-05 19:35:26_
--------
*de7c2ff3b726fc25c2d04ab4578467d8*
`登陆天数: 26天 / 1335天
等级: 128
石头: 10
呼符: 0
体力: 71550.50666666667 / 137
友情点: 100 / 935330`
*連続ログイン5日目
※ログインが途切れるか、7日到達すると
1日目から再開されます*
`叡智の業火 X 2
9月交換券(2023) X 1
`*ハンティングクエスト 第13弾
特別ログインボーナス*
*開催期間中、1日1回 最大7回ログインボーナスをプレゼント！*
`黄金の果実 X 1
`_2023-09-05 19:35:36_
--------
