【登录信息】
*2a2542f9e61a9a1d3b83ae31889ac954*
`登陆天数: 28天 / 1367天
等级: 140
石头: 10
呼符: 0
体力: 11470.606666666667 / 140
友情点: 110 / 61484545`
*連続ログイン7日間到達おめでとうございます！
明日は1日目からリスタートされます。*
`獣の足跡 X 1
呼符 X 1
9月交換券(2023) X 1
`*ハンティングクエスト 第13弾
特別ログインボーナス*
*開催期間中、1日1回 最大7回ログインボーナスをプレゼント！*
`黄金の果実 X 1
`_2023-09-07 19:35:37_
--------
*de7c2ff3b726fc25c2d04ab4578467d8*
`登陆天数: 28天 / 1337天
等级: 128
石头: 10
呼符: 0
体力: 72126.54 / 137
友情点: 150 / 935600`
*連続ログイン7日間到達おめでとうございます！
明日は1日目からリスタートされます。*
`獣の足跡 X 1
呼符 X 1
9月交換券(2023) X 1
`*ハンティングクエスト 第13弾
特別ログインボーナス*
*開催期間中、1日1回 最大7回ログインボーナスをプレゼント！*
`黄金の果実 X 1
`_2023-09-07 19:35:46_
--------
