【登录信息】
*2a2542f9e61a9a1d3b83ae31889ac954*
`登陆天数: 35天 / 1374天
等级: 140
石头: 12
呼符: 0
体力: 13486.55 / 140
友情点: 50 / 61597695`
*連続ログイン7日間到達おめでとうございます！
明日は1日目からリスタートされます。*
`獣の足跡 X 1
呼符 X 1
9月交換券(2023) X 1
`*日替りログインボーナス*
*開催期間中、1日1回 2週間日替りでログインボーナスをプレゼント！*
`巡霊の葉 X 30
`_2023-09-14 19:35:19_
--------
*de7c2ff3b726fc25c2d04ab4578467d8*
`登陆天数: 35天 / 1344天
等级: 128
石头: 10
呼符: 0
体力: 74142.48 / 137
友情点: 30 / 936490`
*連続ログイン7日間到達おめでとうございます！
明日は1日目からリスタートされます。*
`獣の足跡 X 1
呼符 X 1
9月交換券(2023) X 1
`*日替りログインボーナス*
*開催期間中、1日1回 2週間日替りでログインボーナスをプレゼント！*
`巡霊の葉 X 30
`_2023-09-14 19:35:28_
--------
