【登录信息】
*2a2542f9e61a9a1d3b83ae31889ac954*
`登陆天数: 38天 / 1377天
等级: 140
石头: 12
呼符: 0
体力: 14350.526666666667 / 140
友情点: 80 / 61598075`
*連続ログイン3日目
※ログインが途切れるか、7日到達すると
1日目から再開されます*
`叡智の業火 X 1
9月交換券(2023) X 1
`*日替りログインボーナス*
*開催期間中、1日1回 2週間日替りでログインボーナスをプレゼント！*
`巡霊の葉 X 30
`_2023-09-17 19:35:12_
--------
*de7c2ff3b726fc25c2d04ab4578467d8*
`登陆天数: 38天 / 1347天
等级: 128
石头: 10
呼符: 0
体力: 75006.46 / 137
友情点: 160 / 936870`
*連続ログイン3日目
※ログインが途切れるか、7日到達すると
1日目から再開されます*
`叡智の業火 X 1
9月交換券(2023) X 1
`*日替りログインボーナス*
*開催期間中、1日1回 2週間日替りでログインボーナスをプレゼント！*
`巡霊の葉 X 30
`_2023-09-17 19:35:21_
--------
