【登录信息】
*2a2542f9e61a9a1d3b83ae31889ac954*
`登陆天数: 40天 / 1379天
等级: 140
石头: 12
呼符: 0
体力: 14926.556666666667 / 140
友情点: 90 / 61598470`
*連続ログイン5日目
※ログインが途切れるか、7日到達すると
1日目から再開されます*
`叡智の業火 X 2
9月交換券(2023) X 1
`*日替りログインボーナス*
*開催期間中、1日1回 2週間日替りでログインボーナスをプレゼント！*
`聖晶石 X 3
巡霊の葉 X 50
`_2023-09-19 19:35:21_
--------
*de7c2ff3b726fc25c2d04ab4578467d8*
`登陆天数: 40天 / 1349天
等级: 128
石头: 10
呼符: 0
体力: 75582.48666666666 / 137
友情点: 95 / 937125`
*連続ログイン5日目
※ログインが途切れるか、7日到達すると
1日目から再開されます*
`叡智の業火 X 2
9月交換券(2023) X 1
`*日替りログインボーナス*
*開催期間中、1日1回 2週間日替りでログインボーナスをプレゼント！*
`聖晶石 X 3
巡霊の葉 X 50
`_2023-09-19 19:35:30_
--------
