【登录信息】
*2a2542f9e61a9a1d3b83ae31889ac954*
`登陆天数: 41天 / 1380天
等级: 140
石头: 12
呼符: 0
体力: 15214.566666666668 / 140
友情点: 70 / 61598540`
*連続ログイン6日目
※ログインが途切れるか、7日到達すると
1日目から再開されます*
`聖晶石 X 2
9月交換券(2023) X 1
`*日替りログインボーナス*
*開催期間中、1日1回 2週間日替りでログインボーナスをプレゼント！*
`巡霊の葉 X 30
`_2023-09-20 19:35:24_
--------
*de7c2ff3b726fc25c2d04ab4578467d8*
`登陆天数: 41天 / 1350天
等级: 128
石头: 10
呼符: 0
体力: 75870.49666666667 / 137
友情点: 140 / 937265`
*連続ログイン6日目
※ログインが途切れるか、7日到達すると
1日目から再開されます*
`聖晶石 X 2
9月交換券(2023) X 1
`*日替りログインボーナス*
*開催期間中、1日1回 2週間日替りでログインボーナスをプレゼント！*
`巡霊の葉 X 30
`_2023-09-20 19:35:33_
--------
