【登录信息】
*2a2542f9e61a9a1d3b83ae31889ac954*
`登陆天数: 42天 / 1381天
等级: 140
石头: 10
呼符: 0
体力: 187.78 / 140
友情点: 305 / 61600975`
*連続ログイン7日間到達おめでとうございます！
明日は1日目からリスタートされます。*
`獣の足跡 X 1
呼符 X 1
9月交換券(2023) X 1
`*日替りログインボーナス*
*開催期間中、1日1回 2週間日替りでログインボーナスをプレゼント！*
`巡霊の葉 X 30
`_2023-09-21 19:35:13_
--------
*de7c2ff3b726fc25c2d04ab4578467d8*
`登陆天数: 42天 / 1351天
等级: 128
石头: 10
呼符: 0
体力: 76158.45666666667 / 137
友情点: 190 / 937455`
*連続ログイン7日間到達おめでとうございます！
明日は1日目からリスタートされます。*
`獣の足跡 X 1
呼符 X 1
9月交換券(2023) X 1
`*日替りログインボーナス*
*開催期間中、1日1回 2週間日替りでログインボーナスをプレゼント！*
`巡霊の葉 X 30
`_2023-09-21 19:35:21_
--------
