【登录信息】
*2a2542f9e61a9a1d3b83ae31889ac954*
`登陆天数: 44天 / 1383天
等级: 140
石头: 10
呼符: 0
体力: 763.8066666666666 / 140
友情点: 160 / 61601145`
*連続ログイン2日目
※ログインが途切れるか、7日到達すると
1日目から再開されます*
`聖晶石 X 1
9月交換券(2023) X 1
`*日替りログインボーナス*
*開催期間中、1日1回 2週間日替りでログインボーナスをプレゼント！*
`巡霊の葉 X 30
`_2023-09-23 19:35:20_
--------
*de7c2ff3b726fc25c2d04ab4578467d8*
`登陆天数: 44天 / 1353天
等级: 128
石头: 10
呼符: 0
体力: 76734.48666666666 / 137
友情点: 210 / 937865`
*連続ログイン2日目
※ログインが途切れるか、7日到達すると
1日目から再開されます*
`聖晶石 X 1
9月交換券(2023) X 1
`*日替りログインボーナス*
*開催期間中、1日1回 2週間日替りでログインボーナスをプレゼント！*
`巡霊の葉 X 30
`_2023-09-23 19:35:29_
--------
