【登录信息】
*2a2542f9e61a9a1d3b83ae31889ac954*
`登陆天数: 47天 / 1386天
等级: 140
石头: 10
呼符: 0
体力: 1627.85 / 140
友情点: 210 / 61601655`
*連続ログイン5日目
※ログインが途切れるか、7日到達すると
1日目から再開されます*
`叡智の業火 X 2
9月交換券(2023) X 1
`*日替りログインボーナス*
*開催期間中、1日1回 2週間日替りでログインボーナスをプレゼント！*
`聖晶石 X 3
巡霊の葉 X 50
`_2023-09-26 19:35:34_
--------
*de7c2ff3b726fc25c2d04ab4578467d8*
`登陆天数: 47天 / 1356天
等级: 128
石头: 10
呼符: 0
体力: 77598.53 / 137
友情点: 175 / 940700`
*連続ログイン5日目
※ログインが途切れるか、7日到達すると
1日目から再開されます*
`叡智の業火 X 2
9月交換券(2023) X 1
`*日替りログインボーナス*
*開催期間中、1日1回 2週間日替りでログインボーナスをプレゼント！*
`聖晶石 X 3
巡霊の葉 X 50
`_2023-09-26 19:35:42_
--------
