【登录信息】
*2a2542f9e61a9a1d3b83ae31889ac954*
`登陆天数: 49天 / 1388天
等级: 140
石头: 10
呼符: 0
体力: 2203.77 / 140
友情点: 30 / 61601875`
*連続ログイン7日間到達おめでとうございます！
明日は1日目からリスタートされます。*
`獣の足跡 X 1
呼符 X 1
9月交換券(2023) X 1
`*「Fate/Samurai Remnant」発売記念 特別ログインボーナス*
*開催期間中、初回ログインで「限定概念礼装」をプレゼント！*
`Samurai Remnant X 1
`_2023-09-28 19:35:10_
--------
*de7c2ff3b726fc25c2d04ab4578467d8*
`登陆天数: 49天 / 1358天
等级: 128
石头: 10
呼符: 0
体力: 78174.45 / 137
友情点: 20 / 940830`
*連続ログイン7日間到達おめでとうございます！
明日は1日目からリスタートされます。*
`獣の足跡 X 1
呼符 X 1
9月交換券(2023) X 1
`*「Fate/Samurai Remnant」発売記念 特別ログインボーナス*
*開催期間中、初回ログインで「限定概念礼装」をプレゼント！*
`Samurai Remnant X 1
`_2023-09-28 19:35:19_
--------
